[10-Oct-2018 13:40:26 UTC] PHP Notice:  Undefined variable: Liedjes in C:\inetpub\wwwroot\php\php-beginner-cursus\objectg\Auto.php on line 5
[10-Oct-2018 13:44:48 UTC] PHP Notice:  Array to string conversion in C:\inetpub\wwwroot\php\php-beginner-cursus\objectg\Auto.php on line 17
[10-Oct-2018 13:45:27 UTC] PHP Notice:  Array to string conversion in C:\inetpub\wwwroot\php\php-beginner-cursus\objectg\Auto.php on line 16
[10-Oct-2018 13:45:28 UTC] PHP Notice:  Array to string conversion in C:\inetpub\wwwroot\php\php-beginner-cursus\objectg\Auto.php on line 16
[10-Oct-2018 13:45:28 UTC] PHP Notice:  Array to string conversion in C:\inetpub\wwwroot\php\php-beginner-cursus\objectg\Auto.php on line 16
[10-Oct-2018 13:51:29 UTC] PHP Parse error:  syntax error, unexpected '}' in C:\inetpub\wwwroot\php\php-beginner-cursus\objectg\Auto.php on line 9
[10-Oct-2018 13:51:53 UTC] PHP Notice:  Undefined variable: Liedjes in C:\inetpub\wwwroot\php\php-beginner-cursus\objectg\Auto.php on line 13
[10-Oct-2018 13:54:20 UTC] PHP Notice:  Array to string conversion in C:\inetpub\wwwroot\php\php-beginner-cursus\objectg\Auto.php on line 21
[10-Oct-2018 13:55:18 UTC] PHP Fatal error:  Uncaught Error: Function name must be a string in C:\inetpub\wwwroot\php\php-beginner-cursus\objectg\Auto.php:21
Stack trace:
#0 {main}
  thrown in C:\inetpub\wwwroot\php\php-beginner-cursus\objectg\Auto.php on line 21
[10-Oct-2018 13:55:33 UTC] PHP Notice:  Array to string conversion in C:\inetpub\wwwroot\php\php-beginner-cursus\objectg\Auto.php on line 21
[10-Oct-2018 13:55:33 UTC] PHP Notice:  Array to string conversion in C:\inetpub\wwwroot\php\php-beginner-cursus\objectg\Auto.php on line 21
[10-Oct-2018 13:57:14 UTC] PHP Notice:  Array to string conversion in C:\inetpub\wwwroot\php\php-beginner-cursus\objectg\Auto.php on line 21
[10-Oct-2018 13:57:14 UTC] PHP Notice:  Array to string conversion in C:\inetpub\wwwroot\php\php-beginner-cursus\objectg\Auto.php on line 22
[10-Oct-2018 13:59:17 UTC] PHP Notice:  Array to string conversion in C:\inetpub\wwwroot\php\php-beginner-cursus\objectg\Auto.php on line 21
[10-Oct-2018 13:59:17 UTC] PHP Notice:  Array to string conversion in C:\inetpub\wwwroot\php\php-beginner-cursus\objectg\Auto.php on line 22
[10-Oct-2018 13:59:30 UTC] PHP Parse error:  syntax error, unexpected '$liedjes' (T_VARIABLE) in C:\inetpub\wwwroot\php\php-beginner-cursus\objectg\Auto.php on line 21
[10-Oct-2018 14:06:19 UTC] PHP Notice:  Array to string conversion in C:\inetpub\wwwroot\php\php-beginner-cursus\objectg\Auto.php on line 22
[11-Oct-2018 16:49:10 UTC] PHP Notice:  Array to string conversion in C:\inetpub\wwwroot\php\php-beginner-cursus\objectg\Auto.php on line 25
[11-Oct-2018 16:49:10 UTC] PHP Notice:  Array to string conversion in C:\inetpub\wwwroot\php\php-beginner-cursus\objectg\Auto.php on line 26
[11-Oct-2018 16:52:26 UTC] PHP Notice:  Undefined variable: programma_naam in C:\inetpub\wwwroot\php\php-beginner-cursus\objectg\Auto.php on line 28
[11-Oct-2018 16:52:26 UTC] PHP Notice:  Undefined property: Radioprogramma::$ in C:\inetpub\wwwroot\php\php-beginner-cursus\objectg\Auto.php on line 28
[11-Oct-2018 17:00:45 UTC] PHP Notice:  Undefined property: Radioprogramma::$programma_naam in C:\inetpub\wwwroot\php\php-beginner-cursus\objectg\Auto.php on line 28
[11-Oct-2018 17:03:10 UTC] PHP Notice:  Undefined variable: programma_naam in C:\inetpub\wwwroot\php\php-beginner-cursus\objectg\Auto.php on line 25
[11-Oct-2018 17:04:21 UTC] PHP Notice:  Undefined variable: programma_naam in C:\inetpub\wwwroot\php\php-beginner-cursus\objectg\Auto.php on line 16
[11-Oct-2018 17:04:44 UTC] PHP Notice:  Undefined variable: programma in C:\inetpub\wwwroot\php\php-beginner-cursus\objectg\Auto.php on line 18
[11-Oct-2018 17:07:10 UTC] PHP Notice:  Undefined variable: Liedjes in C:\inetpub\wwwroot\php\php-beginner-cursus\objectg\Auto.php on line 9
[11-Oct-2018 17:07:10 UTC] PHP Notice:  Undefined variable: Liedjes in C:\inetpub\wwwroot\php\php-beginner-cursus\objectg\Auto.php on line 10
[11-Oct-2018 17:07:35 UTC] PHP Warning:  Use of undefined constant Liedjes - assumed 'Liedjes' (this will throw an Error in a future version of PHP) in C:\inetpub\wwwroot\php\php-beginner-cursus\objectg\Auto.php on line 10
[11-Oct-2018 17:07:59 UTC] PHP Notice:  Undefined variable: Liedjes in C:\inetpub\wwwroot\php\php-beginner-cursus\objectg\Auto.php on line 10
[12-Oct-2018 07:05:29 UTC] PHP Notice:  Undefined variable: programma in C:\inetpub\wwwroot\php\php-beginner-cursus\objectg\Auto.php on line 16
[12-Oct-2018 07:05:29 UTC] PHP Notice:  Undefined variable: programma in C:\inetpub\wwwroot\php\php-beginner-cursus\objectg\Auto.php on line 36
[12-Oct-2018 07:05:29 UTC] PHP Notice:  Array to string conversion in C:\inetpub\wwwroot\php\php-beginner-cursus\objectg\Auto.php on line 36
[12-Oct-2018 07:05:38 UTC] PHP Notice:  Undefined variable: programma in C:\inetpub\wwwroot\php\php-beginner-cursus\objectg\Auto.php on line 16
[12-Oct-2018 07:05:38 UTC] PHP Notice:  Undefined variable: programma in C:\inetpub\wwwroot\php\php-beginner-cursus\objectg\Auto.php on line 36
[12-Oct-2018 07:06:09 UTC] PHP Notice:  Undefined variable: programma in C:\inetpub\wwwroot\php\php-beginner-cursus\objectg\Auto.php on line 18
[12-Oct-2018 07:06:09 UTC] PHP Notice:  Undefined variable: programma in C:\inetpub\wwwroot\php\php-beginner-cursus\objectg\Auto.php on line 38
[12-Oct-2018 07:06:09 UTC] PHP Notice:  Undefined variable: programma in C:\inetpub\wwwroot\php\php-beginner-cursus\objectg\Auto.php on line 18
[12-Oct-2018 07:06:09 UTC] PHP Notice:  Undefined variable: programma in C:\inetpub\wwwroot\php\php-beginner-cursus\objectg\Auto.php on line 38
[12-Oct-2018 07:06:10 UTC] PHP Notice:  Undefined variable: programma in C:\inetpub\wwwroot\php\php-beginner-cursus\objectg\Auto.php on line 18
[12-Oct-2018 07:06:10 UTC] PHP Notice:  Undefined variable: programma in C:\inetpub\wwwroot\php\php-beginner-cursus\objectg\Auto.php on line 38
[12-Oct-2018 07:06:10 UTC] PHP Notice:  Undefined variable: programma in C:\inetpub\wwwroot\php\php-beginner-cursus\objectg\Auto.php on line 18
[12-Oct-2018 07:06:10 UTC] PHP Notice:  Undefined variable: programma in C:\inetpub\wwwroot\php\php-beginner-cursus\objectg\Auto.php on line 38
[12-Oct-2018 07:06:50 UTC] PHP Notice:  Undefined variable: programma in C:\inetpub\wwwroot\php\php-beginner-cursus\objectg\Auto.php on line 18
[12-Oct-2018 07:50:04 UTC] PHP Notice:  Undefined property: Monkey::$getMonkeyArray in C:\inetpub\wwwroot\php\php-beginner-cursus\objectg\monkey.php on line 27
[12-Oct-2018 07:50:04 UTC] PHP Warning:  Invalid argument supplied for foreach() in C:\inetpub\wwwroot\php\php-beginner-cursus\objectg\monkey.php on line 27
[12-Oct-2018 07:50:21 UTC] PHP Parse error:  syntax error, unexpected ')', expecting '[' in C:\inetpub\wwwroot\php\php-beginner-cursus\objectg\monkey.php on line 27
[12-Oct-2018 07:50:38 UTC] PHP Notice:  Undefined property: Monkey::$getMonkeyArray in C:\inetpub\wwwroot\php\php-beginner-cursus\objectg\monkey.php on line 27
[12-Oct-2018 07:50:38 UTC] PHP Warning:  Invalid argument supplied for foreach() in C:\inetpub\wwwroot\php\php-beginner-cursus\objectg\monkey.php on line 27
[12-Oct-2018 07:51:59 UTC] PHP Notice:  Undefined variable: Monkeys in C:\inetpub\wwwroot\php\php-beginner-cursus\objectg\monkey.php on line 30
[12-Oct-2018 07:51:59 UTC] PHP Notice:  Undefined variable: Monkeys in C:\inetpub\wwwroot\php\php-beginner-cursus\objectg\monkey.php on line 30
[12-Oct-2018 07:51:59 UTC] PHP Notice:  Undefined variable: Monkeys in C:\inetpub\wwwroot\php\php-beginner-cursus\objectg\monkey.php on line 30
[12-Oct-2018 07:51:59 UTC] PHP Notice:  Undefined variable: Monkeys in C:\inetpub\wwwroot\php\php-beginner-cursus\objectg\monkey.php on line 30
[12-Oct-2018 07:51:59 UTC] PHP Notice:  Undefined variable: Monkeys in C:\inetpub\wwwroot\php\php-beginner-cursus\objectg\monkey.php on line 30
[12-Oct-2018 07:51:59 UTC] PHP Notice:  Undefined variable: Monkeys in C:\inetpub\wwwroot\php\php-beginner-cursus\objectg\monkey.php on line 30
[12-Oct-2018 07:51:59 UTC] PHP Notice:  Undefined variable: Monkeys in C:\inetpub\wwwroot\php\php-beginner-cursus\objectg\monkey.php on line 30
[12-Oct-2018 07:51:59 UTC] PHP Notice:  Undefined variable: Monkeys in C:\inetpub\wwwroot\php\php-beginner-cursus\objectg\monkey.php on line 30
[12-Oct-2018 07:51:59 UTC] PHP Notice:  Undefined variable: Monkeys in C:\inetpub\wwwroot\php\php-beginner-cursus\objectg\monkey.php on line 30
[12-Oct-2018 07:51:59 UTC] PHP Notice:  Undefined variable: Monkeys in C:\inetpub\wwwroot\php\php-beginner-cursus\objectg\monkey.php on line 30
[12-Oct-2018 07:51:59 UTC] PHP Notice:  Undefined variable: Monkeys in C:\inetpub\wwwroot\php\php-beginner-cursus\objectg\monkey.php on line 30
[12-Oct-2018 08:40:29 UTC] PHP Fatal error:  Uncaught Error: Class 'Monkey' not found in C:\inetpub\wwwroot\php\php-beginner-cursus\objectg\monkey.php:18
Stack trace:
#0 {main}
  thrown in C:\inetpub\wwwroot\php\php-beginner-cursus\objectg\monkey.php on line 18
[12-Oct-2018 08:40:41 UTC] PHP Notice:  Undefined variable: monkey in C:\inetpub\wwwroot\php\php-beginner-cursus\objectg\monkey.php on line 39
[12-Oct-2018 08:40:41 UTC] PHP Fatal error:  Uncaught Error: Call to a member function printMonkeys() on null in C:\inetpub\wwwroot\php\php-beginner-cursus\objectg\monkey.php:39
Stack trace:
#0 {main}
  thrown in C:\inetpub\wwwroot\php\php-beginner-cursus\objectg\monkey.php on line 39
[12-Oct-2018 08:44:49 UTC] PHP Notice:  Object of class Aap could not be converted to int in C:\inetpub\wwwroot\php\php-beginner-cursus\objectg\monkey.php on line 14
[12-Oct-2018 08:44:49 UTC] PHP Notice:  Object of class Aap could not be converted to int in C:\inetpub\wwwroot\php\php-beginner-cursus\objectg\monkey.php on line 14
[12-Oct-2018 08:46:35 UTC] PHP Fatal error:  Can't use method return value in write context in C:\inetpub\wwwroot\php\php-beginner-cursus\objectg\monkey.php on line 14
[12-Oct-2018 08:46:54 UTC] PHP Notice:  Undefined variable: aap in C:\inetpub\wwwroot\php\php-beginner-cursus\objectg\monkey.php on line 15
[12-Oct-2018 08:46:54 UTC] PHP Notice:  Undefined variable: aap in C:\inetpub\wwwroot\php\php-beginner-cursus\objectg\monkey.php on line 15
[12-Oct-2018 08:46:54 UTC] PHP Notice:  Undefined variable: customer in C:\inetpub\wwwroot\php\php-beginner-cursus\objectg\monkey.php on line 49
[12-Oct-2018 08:46:54 UTC] PHP Notice:  Trying to get property 'items' of non-object in C:\inetpub\wwwroot\php\php-beginner-cursus\objectg\monkey.php on line 49
[12-Oct-2018 08:46:54 UTC] PHP Warning:  Invalid argument supplied for foreach() in C:\inetpub\wwwroot\php\php-beginner-cursus\objectg\monkey.php on line 49
[12-Oct-2018 08:47:09 UTC] PHP Notice:  Undefined variable: customer in C:\inetpub\wwwroot\php\php-beginner-cursus\objectg\monkey.php on line 49
[12-Oct-2018 08:47:09 UTC] PHP Notice:  Trying to get property 'items' of non-object in C:\inetpub\wwwroot\php\php-beginner-cursus\objectg\monkey.php on line 49
[12-Oct-2018 08:47:09 UTC] PHP Warning:  Invalid argument supplied for foreach() in C:\inetpub\wwwroot\php\php-beginner-cursus\objectg\monkey.php on line 49
[12-Oct-2018 08:47:43 UTC] PHP Notice:  Undefined variable: customer in C:\inetpub\wwwroot\php\php-beginner-cursus\objectg\monkey.php on line 49
[12-Oct-2018 08:47:43 UTC] PHP Notice:  Trying to get property 'items' of non-object in C:\inetpub\wwwroot\php\php-beginner-cursus\objectg\monkey.php on line 49
[12-Oct-2018 08:47:43 UTC] PHP Warning:  Invalid argument supplied for foreach() in C:\inetpub\wwwroot\php\php-beginner-cursus\objectg\monkey.php on line 49
[12-Oct-2018 08:47:44 UTC] PHP Notice:  Undefined variable: customer in C:\inetpub\wwwroot\php\php-beginner-cursus\objectg\monkey.php on line 49
[12-Oct-2018 08:47:44 UTC] PHP Notice:  Trying to get property 'items' of non-object in C:\inetpub\wwwroot\php\php-beginner-cursus\objectg\monkey.php on line 49
[12-Oct-2018 08:47:44 UTC] PHP Warning:  Invalid argument supplied for foreach() in C:\inetpub\wwwroot\php\php-beginner-cursus\objectg\monkey.php on line 49
[12-Oct-2018 08:47:44 UTC] PHP Notice:  Undefined variable: customer in C:\inetpub\wwwroot\php\php-beginner-cursus\objectg\monkey.php on line 49
[12-Oct-2018 08:47:44 UTC] PHP Notice:  Trying to get property 'items' of non-object in C:\inetpub\wwwroot\php\php-beginner-cursus\objectg\monkey.php on line 49
[12-Oct-2018 08:47:44 UTC] PHP Warning:  Invalid argument supplied for foreach() in C:\inetpub\wwwroot\php\php-beginner-cursus\objectg\monkey.php on line 49
[12-Oct-2018 08:47:44 UTC] PHP Notice:  Undefined variable: customer in C:\inetpub\wwwroot\php\php-beginner-cursus\objectg\monkey.php on line 49
[12-Oct-2018 08:47:44 UTC] PHP Notice:  Trying to get property 'items' of non-object in C:\inetpub\wwwroot\php\php-beginner-cursus\objectg\monkey.php on line 49
[12-Oct-2018 08:47:44 UTC] PHP Warning:  Invalid argument supplied for foreach() in C:\inetpub\wwwroot\php\php-beginner-cursus\objectg\monkey.php on line 49
[12-Oct-2018 08:57:53 UTC] PHP Notice:  Undefined property: Aap::$aap in C:\inetpub\wwwroot\php\php-beginner-cursus\objectg\monkey.php on line 54
[12-Oct-2018 09:00:58 UTC] PHP Notice:  Undefined property: Aap::$Aap in C:\inetpub\wwwroot\php\php-beginner-cursus\objectg\monkey.php on line 50
[12-Oct-2018 09:02:17 UTC] PHP Parse error:  syntax error, unexpected '"<br>"' (T_CONSTANT_ENCAPSED_STRING) in C:\inetpub\wwwroot\php\php-beginner-cursus\objectg\monkey.php on line 51
[12-Oct-2018 09:03:16 UTC] PHP Recoverable fatal error:  Object of class Aap could not be converted to string in C:\inetpub\wwwroot\php\php-beginner-cursus\objectg\monkey.php on line 66
[12-Oct-2018 09:04:15 UTC] PHP Fatal error:  Uncaught Error: Call to undefined method AapOverzicht::voegAapToe() in C:\inetpub\wwwroot\php\php-beginner-cursus\objectg\monkey.php:47
Stack trace:
#0 {main}
  thrown in C:\inetpub\wwwroot\php\php-beginner-cursus\objectg\monkey.php on line 47
[12-Oct-2018 09:09:26 UTC] PHP Fatal error:  Uncaught Error: Call to undefined method AapOverzicht::voegAapToe() in C:\inetpub\wwwroot\php\php-beginner-cursus\objectg\monkey.php:20
Stack trace:
#0 {main}
  thrown in C:\inetpub\wwwroot\php\php-beginner-cursus\objectg\monkey.php on line 20
[12-Oct-2018 09:10:20 UTC] PHP Fatal error:  Uncaught Error: Call to undefined method AapOverzicht::voegAapToe() in C:\inetpub\wwwroot\php\php-beginner-cursus\objectg\monkey.php:20
Stack trace:
#0 {main}
  thrown in C:\inetpub\wwwroot\php\php-beginner-cursus\objectg\monkey.php on line 20
[12-Oct-2018 09:10:21 UTC] PHP Fatal error:  Uncaught Error: Call to undefined method AapOverzicht::voegAapToe() in C:\inetpub\wwwroot\php\php-beginner-cursus\objectg\monkey.php:20
Stack trace:
#0 {main}
  thrown in C:\inetpub\wwwroot\php\php-beginner-cursus\objectg\monkey.php on line 20
[12-Oct-2018 09:10:21 UTC] PHP Fatal error:  Uncaught Error: Call to undefined method AapOverzicht::voegAapToe() in C:\inetpub\wwwroot\php\php-beginner-cursus\objectg\monkey.php:20
Stack trace:
#0 {main}
  thrown in C:\inetpub\wwwroot\php\php-beginner-cursus\objectg\monkey.php on line 20
[12-Oct-2018 09:10:21 UTC] PHP Fatal error:  Uncaught Error: Call to undefined method AapOverzicht::voegAapToe() in C:\inetpub\wwwroot\php\php-beginner-cursus\objectg\monkey.php:20
Stack trace:
#0 {main}
  thrown in C:\inetpub\wwwroot\php\php-beginner-cursus\objectg\monkey.php on line 20
[12-Oct-2018 09:20:05 UTC] PHP Notice:  Undefined variable: programma_naam in C:\inetpub\wwwroot\php\php-beginner-cursus\objectg\Auto.php on line 18
[12-Oct-2018 09:20:05 UTC] PHP Notice:  Undefined variable: omschrijving in C:\inetpub\wwwroot\php\php-beginner-cursus\objectg\Auto.php on line 18
[12-Oct-2018 09:43:16 UTC] PHP Fatal error:  Uncaught Error: Call to undefined method AapOverzicht::voegAapToe() in C:\inetpub\wwwroot\php\php-beginner-cursus\objectg\monkey.php:23
Stack trace:
#0 {main}
  thrown in C:\inetpub\wwwroot\php\php-beginner-cursus\objectg\monkey.php on line 23
[12-Oct-2018 09:43:21 UTC] PHP Notice:  Undefined variable: programma_naam in C:\inetpub\wwwroot\php\php-beginner-cursus\objectg\Auto.php on line 18
[12-Oct-2018 09:43:21 UTC] PHP Notice:  Undefined variable: omschrijving in C:\inetpub\wwwroot\php\php-beginner-cursus\objectg\Auto.php on line 18
[12-Oct-2018 09:43:22 UTC] PHP Notice:  Undefined variable: programma_naam in C:\inetpub\wwwroot\php\php-beginner-cursus\objectg\Auto.php on line 18
[12-Oct-2018 09:43:22 UTC] PHP Notice:  Undefined variable: omschrijving in C:\inetpub\wwwroot\php\php-beginner-cursus\objectg\Auto.php on line 18
[12-Oct-2018 09:43:22 UTC] PHP Notice:  Undefined variable: programma_naam in C:\inetpub\wwwroot\php\php-beginner-cursus\objectg\Auto.php on line 18
[12-Oct-2018 09:43:22 UTC] PHP Notice:  Undefined variable: omschrijving in C:\inetpub\wwwroot\php\php-beginner-cursus\objectg\Auto.php on line 18
[12-Oct-2018 09:43:22 UTC] PHP Notice:  Undefined variable: programma_naam in C:\inetpub\wwwroot\php\php-beginner-cursus\objectg\Auto.php on line 18
[12-Oct-2018 09:43:22 UTC] PHP Notice:  Undefined variable: omschrijving in C:\inetpub\wwwroot\php\php-beginner-cursus\objectg\Auto.php on line 18
[12-Oct-2018 09:46:27 UTC] PHP Notice:  Undefined variable: programma_naam in C:\inetpub\wwwroot\php\php-beginner-cursus\objectg\Auto.php on line 18
[12-Oct-2018 09:46:27 UTC] PHP Notice:  Undefined variable: omschrijving in C:\inetpub\wwwroot\php\php-beginner-cursus\objectg\Auto.php on line 18
[12-Oct-2018 09:46:34 UTC] PHP Recoverable fatal error:  Object of class Aap could not be converted to string in C:\inetpub\wwwroot\php\php-beginner-cursus\objectg\monkey.php on line 68
[12-Oct-2018 10:06:41 UTC] PHP Notice:  Array to string conversion in C:\inetpub\wwwroot\php\php-beginner-cursus\objectg\monkey.php on line 72
[12-Oct-2018 10:06:41 UTC] PHP Notice:  Array to string conversion in C:\inetpub\wwwroot\php\php-beginner-cursus\objectg\monkey.php on line 72
[12-Oct-2018 10:06:59 UTC] PHP Recoverable fatal error:  Object of class Aap could not be converted to string in C:\inetpub\wwwroot\php\php-beginner-cursus\objectg\monkey.php on line 72
[12-Oct-2018 10:07:17 UTC] PHP Recoverable fatal error:  Object of class Aap could not be converted to string in C:\inetpub\wwwroot\php\php-beginner-cursus\objectg\monkey.php on line 72
[12-Oct-2018 10:07:48 UTC] PHP Notice:  Undefined property: AapOverzicht::$ras in C:\inetpub\wwwroot\php\php-beginner-cursus\objectg\monkey.php on line 71
[12-Oct-2018 10:07:48 UTC] PHP Warning:  Invalid argument supplied for foreach() in C:\inetpub\wwwroot\php\php-beginner-cursus\objectg\monkey.php on line 71
[12-Oct-2018 10:08:38 UTC] PHP Recoverable fatal error:  Object of class Aap could not be converted to string in C:\inetpub\wwwroot\php\php-beginner-cursus\objectg\monkey.php on line 72
[12-Oct-2018 10:08:57 UTC] PHP Notice:  Array to string conversion in C:\inetpub\wwwroot\php\php-beginner-cursus\objectg\monkey.php on line 72
[12-Oct-2018 10:08:57 UTC] PHP Notice:  Array to string conversion in C:\inetpub\wwwroot\php\php-beginner-cursus\objectg\monkey.php on line 72
[12-Oct-2018 10:09:34 UTC] PHP Fatal error:  Uncaught Error: Using $this when not in object context in C:\inetpub\wwwroot\php\php-beginner-cursus\objectg\monkey.php:71
Stack trace:
#0 {main}
  thrown in C:\inetpub\wwwroot\php\php-beginner-cursus\objectg\monkey.php on line 71
[12-Oct-2018 10:09:53 UTC] PHP Notice:  Undefined variable: aap in C:\inetpub\wwwroot\php\php-beginner-cursus\objectg\monkey.php on line 71
[12-Oct-2018 10:09:53 UTC] PHP Notice:  Undefined property: AapOverzicht::$ in C:\inetpub\wwwroot\php\php-beginner-cursus\objectg\monkey.php on line 71
[12-Oct-2018 10:09:53 UTC] PHP Warning:  Invalid argument supplied for foreach() in C:\inetpub\wwwroot\php\php-beginner-cursus\objectg\monkey.php on line 71
[12-Oct-2018 10:10:01 UTC] PHP Recoverable fatal error:  Object of class Aap could not be converted to string in C:\inetpub\wwwroot\php\php-beginner-cursus\objectg\monkey.php on line 72
[12-Oct-2018 10:10:01 UTC] PHP Recoverable fatal error:  Object of class Aap could not be converted to string in C:\inetpub\wwwroot\php\php-beginner-cursus\objectg\monkey.php on line 72
[12-Oct-2018 10:10:08 UTC] PHP Notice:  Undefined property: AapOverzicht::$ras in C:\inetpub\wwwroot\php\php-beginner-cursus\objectg\monkey.php on line 71
[12-Oct-2018 10:10:08 UTC] PHP Warning:  Invalid argument supplied for foreach() in C:\inetpub\wwwroot\php\php-beginner-cursus\objectg\monkey.php on line 71
[12-Oct-2018 10:10:50 UTC] PHP Notice:  Undefined property: AapOverzicht::$ras in C:\inetpub\wwwroot\php\php-beginner-cursus\objectg\monkey.php on line 48
[12-Oct-2018 10:11:40 UTC] PHP Notice:  Undefined variable: ras in C:\inetpub\wwwroot\php\php-beginner-cursus\objectg\monkey.php on line 71
[12-Oct-2018 10:11:40 UTC] PHP Notice:  Undefined index:  in C:\inetpub\wwwroot\php\php-beginner-cursus\objectg\monkey.php on line 71
[12-Oct-2018 10:11:40 UTC] PHP Warning:  Invalid argument supplied for foreach() in C:\inetpub\wwwroot\php\php-beginner-cursus\objectg\monkey.php on line 71
[12-Oct-2018 10:11:52 UTC] PHP Notice:  Undefined variable: ras in C:\inetpub\wwwroot\php\php-beginner-cursus\objectg\monkey.php on line 48
[12-Oct-2018 10:11:52 UTC] PHP Notice:  Undefined index:  in C:\inetpub\wwwroot\php\php-beginner-cursus\objectg\monkey.php on line 48
[12-Oct-2018 10:12:04 UTC] PHP Warning:  Use of undefined constant ras - assumed 'ras' (this will throw an Error in a future version of PHP) in C:\inetpub\wwwroot\php\php-beginner-cursus\objectg\monkey.php on line 48
[12-Oct-2018 10:12:04 UTC] PHP Notice:  Undefined index: ras in C:\inetpub\wwwroot\php\php-beginner-cursus\objectg\monkey.php on line 48
[12-Oct-2018 10:12:19 UTC] PHP Notice:  Undefined index: ras in C:\inetpub\wwwroot\php\php-beginner-cursus\objectg\monkey.php on line 48
[12-Oct-2018 10:13:34 UTC] PHP Recoverable fatal error:  Object of class Aap could not be converted to string in C:\inetpub\wwwroot\php\php-beginner-cursus\objectg\monkey.php on line 48
[12-Oct-2018 10:14:18 UTC] PHP Notice:  Undefined variable: apen in C:\inetpub\wwwroot\php\php-beginner-cursus\objectg\monkey.php on line 48
[12-Oct-2018 10:14:18 UTC] PHP Notice:  Undefined variable: apen in C:\inetpub\wwwroot\php\php-beginner-cursus\objectg\monkey.php on line 48
[12-Oct-2018 10:14:18 UTC] PHP Recoverable fatal error:  Object of class Aap could not be converted to string in C:\inetpub\wwwroot\php\php-beginner-cursus\objectg\monkey.php on line 77
[12-Oct-2018 10:14:58 UTC] PHP Notice:  Undefined variable: ras in C:\inetpub\wwwroot\php\php-beginner-cursus\objectg\monkey.php on line 47
[12-Oct-2018 10:14:58 UTC] PHP Notice:  Undefined property: AapOverzicht::$ in C:\inetpub\wwwroot\php\php-beginner-cursus\objectg\monkey.php on line 47
[12-Oct-2018 10:14:58 UTC] PHP Warning:  Invalid argument supplied for foreach() in C:\inetpub\wwwroot\php\php-beginner-cursus\objectg\monkey.php on line 47
[12-Oct-2018 10:15:11 UTC] PHP Notice:  Undefined variable: apen in C:\inetpub\wwwroot\php\php-beginner-cursus\objectg\monkey.php on line 48
[12-Oct-2018 10:15:11 UTC] PHP Notice:  Undefined variable: apen in C:\inetpub\wwwroot\php\php-beginner-cursus\objectg\monkey.php on line 48
[12-Oct-2018 10:15:11 UTC] PHP Notice:  Undefined variable: apen in C:\inetpub\wwwroot\php\php-beginner-cursus\objectg\monkey.php on line 48
[12-Oct-2018 10:15:11 UTC] PHP Notice:  Undefined variable: apen in C:\inetpub\wwwroot\php\php-beginner-cursus\objectg\monkey.php on line 48
[12-Oct-2018 10:15:11 UTC] PHP Notice:  Undefined variable: apen in C:\inetpub\wwwroot\php\php-beginner-cursus\objectg\monkey.php on line 48
[12-Oct-2018 10:15:11 UTC] PHP Notice:  Undefined variable: apen in C:\inetpub\wwwroot\php\php-beginner-cursus\objectg\monkey.php on line 48
[12-Oct-2018 10:15:11 UTC] PHP Notice:  Undefined variable: apen in C:\inetpub\wwwroot\php\php-beginner-cursus\objectg\monkey.php on line 48
[12-Oct-2018 10:15:11 UTC] PHP Notice:  Undefined variable: apen in C:\inetpub\wwwroot\php\php-beginner-cursus\objectg\monkey.php on line 48
[12-Oct-2018 10:15:11 UTC] PHP Notice:  Undefined variable: apen in C:\inetpub\wwwroot\php\php-beginner-cursus\objectg\monkey.php on line 48
[12-Oct-2018 10:15:11 UTC] PHP Notice:  Undefined variable: apen in C:\inetpub\wwwroot\php\php-beginner-cursus\objectg\monkey.php on line 48
[12-Oct-2018 10:15:11 UTC] PHP Notice:  Undefined variable: apen in C:\inetpub\wwwroot\php\php-beginner-cursus\objectg\monkey.php on line 48
[12-Oct-2018 10:15:11 UTC] PHP Notice:  Undefined variable: apen in C:\inetpub\wwwroot\php\php-beginner-cursus\objectg\monkey.php on line 48
[12-Oct-2018 10:15:11 UTC] PHP Notice:  Undefined variable: apen in C:\inetpub\wwwroot\php\php-beginner-cursus\objectg\monkey.php on line 48
[12-Oct-2018 10:15:11 UTC] PHP Notice:  Undefined variable: apen in C:\inetpub\wwwroot\php\php-beginner-cursus\objectg\monkey.php on line 48
[12-Oct-2018 10:15:11 UTC] PHP Notice:  Undefined variable: apen in C:\inetpub\wwwroot\php\php-beginner-cursus\objectg\monkey.php on line 48
[12-Oct-2018 10:15:11 UTC] PHP Notice:  Undefined variable: apen in C:\inetpub\wwwroot\php\php-beginner-cursus\objectg\monkey.php on line 48
[12-Oct-2018 10:15:11 UTC] PHP Notice:  Undefined variable: apen in C:\inetpub\wwwroot\php\php-beginner-cursus\objectg\monkey.php on line 48
[12-Oct-2018 10:15:11 UTC] PHP Notice:  Undefined variable: apen in C:\inetpub\wwwroot\php\php-beginner-cursus\objectg\monkey.php on line 48
[12-Oct-2018 10:15:11 UTC] PHP Notice:  Undefined variable: apen in C:\inetpub\wwwroot\php\php-beginner-cursus\objectg\monkey.php on line 48
[12-Oct-2018 10:15:11 UTC] PHP Notice:  Undefined variable: apen in C:\inetpub\wwwroot\php\php-beginner-cursus\objectg\monkey.php on line 48
[12-Oct-2018 10:15:11 UTC] PHP Notice:  Undefined variable: apen in C:\inetpub\wwwroot\php\php-beginner-cursus\objectg\monkey.php on line 48
[12-Oct-2018 10:15:11 UTC] PHP Notice:  Undefined variable: apen in C:\inetpub\wwwroot\php\php-beginner-cursus\objectg\monkey.php on line 48
[12-Oct-2018 10:15:11 UTC] PHP Notice:  Undefined variable: apen in C:\inetpub\wwwroot\php\php-beginner-cursus\objectg\monkey.php on line 48
[12-Oct-2018 10:15:11 UTC] PHP Notice:  Undefined variable: apen in C:\inetpub\wwwroot\php\php-beginner-cursus\objectg\monkey.php on line 48
[12-Oct-2018 10:15:11 UTC] PHP Notice:  Undefined variable: apen in C:\inetpub\wwwroot\php\php-beginner-cursus\objectg\monkey.php on line 48
[12-Oct-2018 10:15:11 UTC] PHP Notice:  Undefined variable: apen in C:\inetpub\wwwroot\php\php-beginner-cursus\objectg\monkey.php on line 48
[12-Oct-2018 10:15:11 UTC] PHP Notice:  Undefined variable: apen in C:\inetpub\wwwroot\php\php-beginner-cursus\objectg\monkey.php on line 48
[12-Oct-2018 10:15:11 UTC] PHP Notice:  Undefined variable: apen in C:\inetpub\wwwroot\php\php-beginner-cursus\objectg\monkey.php on line 48
[12-Oct-2018 10:15:11 UTC] PHP Notice:  Undefined variable: apen in C:\inetpub\wwwroot\php\php-beginner-cursus\objectg\monkey.php on line 48
[12-Oct-2018 10:15:11 UTC] PHP Notice:  Undefined variable: apen in C:\inetpub\wwwroot\php\php-beginner-cursus\objectg\monkey.php on line 48
[12-Oct-2018 10:15:11 UTC] PHP Notice:  Undefined variable: apen in C:\inetpub\wwwroot\php\php-beginner-cursus\objectg\monkey.php on line 48
[12-Oct-2018 10:15:11 UTC] PHP Notice:  Undefined variable: apen in C:\inetpub\wwwroot\php\php-beginner-cursus\objectg\monkey.php on line 48
[12-Oct-2018 10:15:11 UTC] PHP Notice:  Undefined variable: apen in C:\inetpub\wwwroot\php\php-beginner-cursus\objectg\monkey.php on line 48
[12-Oct-2018 10:15:11 UTC] PHP Notice:  Undefined variable: apen in C:\inetpub\wwwroot\php\php-beginner-cursus\objectg\monkey.php on line 48
[12-Oct-2018 10:16:27 UTC] PHP Notice:  Undefined property: AapOverzicht::$Aap in C:\inetpub\wwwroot\php\php-beginner-cursus\objectg\monkey.php on line 48
[12-Oct-2018 10:16:27 UTC] PHP Notice:  Undefined variable: ras in C:\inetpub\wwwroot\php\php-beginner-cursus\objectg\monkey.php on line 48
[12-Oct-2018 10:16:38 UTC] PHP Notice:  Undefined property: AapOverzicht::$Aap in C:\inetpub\wwwroot\php\php-beginner-cursus\objectg\monkey.php on line 48
[12-Oct-2018 10:16:38 UTC] PHP Notice:  Undefined variable: ras in C:\inetpub\wwwroot\php\php-beginner-cursus\objectg\monkey.php on line 48
[12-Oct-2018 10:16:39 UTC] PHP Notice:  Undefined property: AapOverzicht::$Aap in C:\inetpub\wwwroot\php\php-beginner-cursus\objectg\monkey.php on line 48
[12-Oct-2018 10:16:39 UTC] PHP Notice:  Undefined variable: ras in C:\inetpub\wwwroot\php\php-beginner-cursus\objectg\monkey.php on line 48
[12-Oct-2018 10:16:39 UTC] PHP Notice:  Undefined property: AapOverzicht::$Aap in C:\inetpub\wwwroot\php\php-beginner-cursus\objectg\monkey.php on line 48
[12-Oct-2018 10:16:39 UTC] PHP Notice:  Undefined variable: ras in C:\inetpub\wwwroot\php\php-beginner-cursus\objectg\monkey.php on line 48
[12-Oct-2018 10:16:39 UTC] PHP Notice:  Undefined property: AapOverzicht::$Aap in C:\inetpub\wwwroot\php\php-beginner-cursus\objectg\monkey.php on line 48
[12-Oct-2018 10:16:39 UTC] PHP Notice:  Undefined variable: ras in C:\inetpub\wwwroot\php\php-beginner-cursus\objectg\monkey.php on line 48
[12-Oct-2018 10:16:39 UTC] PHP Notice:  Undefined property: AapOverzicht::$Aap in C:\inetpub\wwwroot\php\php-beginner-cursus\objectg\monkey.php on line 48
[12-Oct-2018 10:16:39 UTC] PHP Notice:  Undefined variable: ras in C:\inetpub\wwwroot\php\php-beginner-cursus\objectg\monkey.php on line 48
[12-Oct-2018 10:16:39 UTC] PHP Notice:  Undefined property: AapOverzicht::$Aap in C:\inetpub\wwwroot\php\php-beginner-cursus\objectg\monkey.php on line 48
[12-Oct-2018 10:16:39 UTC] PHP Notice:  Undefined variable: ras in C:\inetpub\wwwroot\php\php-beginner-cursus\objectg\monkey.php on line 48
[12-Oct-2018 10:17:53 UTC] PHP Notice:  Undefined property: AapOverzicht::$Aap in C:\inetpub\wwwroot\php\php-beginner-cursus\objectg\monkey.php on line 48
[12-Oct-2018 10:17:53 UTC] PHP Notice:  Undefined variable: ras in C:\inetpub\wwwroot\php\php-beginner-cursus\objectg\monkey.php on line 48
[12-Oct-2018 10:17:53 UTC] PHP Notice:  Undefined property: AapOverzicht::$Aap in C:\inetpub\wwwroot\php\php-beginner-cursus\objectg\monkey.php on line 48
[12-Oct-2018 10:17:53 UTC] PHP Notice:  Undefined variable: ras in C:\inetpub\wwwroot\php\php-beginner-cursus\objectg\monkey.php on line 48
[12-Oct-2018 10:17:53 UTC] PHP Notice:  Undefined property: AapOverzicht::$Aap in C:\inetpub\wwwroot\php\php-beginner-cursus\objectg\monkey.php on line 48
[12-Oct-2018 10:17:53 UTC] PHP Notice:  Undefined variable: ras in C:\inetpub\wwwroot\php\php-beginner-cursus\objectg\monkey.php on line 48
[12-Oct-2018 10:17:54 UTC] PHP Notice:  Undefined property: AapOverzicht::$Aap in C:\inetpub\wwwroot\php\php-beginner-cursus\objectg\monkey.php on line 48
[12-Oct-2018 10:17:54 UTC] PHP Notice:  Undefined variable: ras in C:\inetpub\wwwroot\php\php-beginner-cursus\objectg\monkey.php on line 48
[12-Oct-2018 10:17:54 UTC] PHP Notice:  Undefined property: AapOverzicht::$Aap in C:\inetpub\wwwroot\php\php-beginner-cursus\objectg\monkey.php on line 48
[12-Oct-2018 10:17:54 UTC] PHP Notice:  Undefined variable: ras in C:\inetpub\wwwroot\php\php-beginner-cursus\objectg\monkey.php on line 48
[12-Oct-2018 10:17:54 UTC] PHP Notice:  Undefined property: AapOverzicht::$Aap in C:\inetpub\wwwroot\php\php-beginner-cursus\objectg\monkey.php on line 48
[12-Oct-2018 10:17:54 UTC] PHP Notice:  Undefined variable: ras in C:\inetpub\wwwroot\php\php-beginner-cursus\objectg\monkey.php on line 48
[12-Oct-2018 10:19:05 UTC] PHP Notice:  Undefined property: AapOverzicht::$Aap in C:\inetpub\wwwroot\php\php-beginner-cursus\objectg\monkey.php on line 48
[12-Oct-2018 10:19:05 UTC] PHP Notice:  Undefined property: AapOverzicht::$Aap in C:\inetpub\wwwroot\php\php-beginner-cursus\objectg\monkey.php on line 48
[12-Oct-2018 10:19:05 UTC] PHP Notice:  Undefined property: AapOverzicht::$Aap in C:\inetpub\wwwroot\php\php-beginner-cursus\objectg\monkey.php on line 48
[12-Oct-2018 10:19:05 UTC] PHP Notice:  Undefined property: AapOverzicht::$Aap in C:\inetpub\wwwroot\php\php-beginner-cursus\objectg\monkey.php on line 48
[12-Oct-2018 10:19:17 UTC] PHP Notice:  Undefined property: AapOverzicht::$Aap in C:\inetpub\wwwroot\php\php-beginner-cursus\objectg\monkey.php on line 48
[12-Oct-2018 10:19:18 UTC] PHP Notice:  Undefined property: AapOverzicht::$Aap in C:\inetpub\wwwroot\php\php-beginner-cursus\objectg\monkey.php on line 48
[12-Oct-2018 10:19:18 UTC] PHP Notice:  Undefined property: AapOverzicht::$Aap in C:\inetpub\wwwroot\php\php-beginner-cursus\objectg\monkey.php on line 48
[12-Oct-2018 10:19:19 UTC] PHP Notice:  Undefined property: AapOverzicht::$Aap in C:\inetpub\wwwroot\php\php-beginner-cursus\objectg\monkey.php on line 48
[12-Oct-2018 10:20:18 UTC] PHP Notice:  Undefined property: AapOverzicht::$name in C:\inetpub\wwwroot\php\php-beginner-cursus\objectg\monkey.php on line 48
[12-Oct-2018 10:20:55 UTC] PHP Recoverable fatal error:  Object of class Aap could not be converted to string in C:\inetpub\wwwroot\php\php-beginner-cursus\objectg\monkey.php on line 79
[12-Oct-2018 10:21:25 UTC] PHP Notice:  Trying to get property 'ras' of non-object in C:\inetpub\wwwroot\php\php-beginner-cursus\objectg\monkey.php on line 48
[12-Oct-2018 10:21:37 UTC] PHP Notice:  Undefined variable: ras in C:\inetpub\wwwroot\php\php-beginner-cursus\objectg\monkey.php on line 48
[12-Oct-2018 10:21:37 UTC] PHP Notice:  Trying to get property '' of non-object in C:\inetpub\wwwroot\php\php-beginner-cursus\objectg\monkey.php on line 48
[12-Oct-2018 10:21:46 UTC] PHP Parse error:  syntax error, unexpected '[', expecting identifier (T_STRING) or variable (T_VARIABLE) or '{' or '$' in C:\inetpub\wwwroot\php\php-beginner-cursus\objectg\monkey.php on line 48
[12-Oct-2018 10:21:56 UTC] PHP Parse error:  syntax error, unexpected '[', expecting identifier (T_STRING) or variable (T_VARIABLE) or '{' or '$' in C:\inetpub\wwwroot\php\php-beginner-cursus\objectg\monkey.php on line 48
[12-Oct-2018 10:24:00 UTC] PHP Recoverable fatal error:  Object of class Aap could not be converted to string in C:\inetpub\wwwroot\php\php-beginner-cursus\objectg\monkey.php on line 83
[12-Oct-2018 10:24:14 UTC] PHP Notice:  Trying to get property 'ras' of non-object in C:\inetpub\wwwroot\php\php-beginner-cursus\objectg\monkey.php on line 55
[12-Oct-2018 10:24:14 UTC] PHP Warning:  Invalid argument supplied for foreach() in C:\inetpub\wwwroot\php\php-beginner-cursus\objectg\monkey.php on line 55
[12-Oct-2018 10:24:14 UTC] PHP Recoverable fatal error:  Object of class Aap could not be converted to string in C:\inetpub\wwwroot\php\php-beginner-cursus\objectg\monkey.php on line 83
[12-Oct-2018 10:26:09 UTC] PHP Recoverable fatal error:  Object of class Aap could not be converted to string in C:\inetpub\wwwroot\php\php-beginner-cursus\objectg\monkey.php on line 80
[12-Oct-2018 10:27:04 UTC] PHP Fatal error:  Uncaught ArgumentCountError: Too few arguments to function Aap::__construct(), 0 passed in C:\inetpub\wwwroot\php\php-beginner-cursus\objectg\monkey.php on line 49 and exactly 1 expected in C:\inetpub\wwwroot\php\php-beginner-cursus\objectg\monkey.php:17
Stack trace:
#0 C:\inetpub\wwwroot\php\php-beginner-cursus\objectg\monkey.php(49): Aap->__construct()
#1 {main}
  thrown in C:\inetpub\wwwroot\php\php-beginner-cursus\objectg\monkey.php on line 17
[12-Oct-2018 10:27:45 UTC] PHP Fatal error:  Uncaught ArgumentCountError: Too few arguments to function Aap::__construct(), 0 passed in C:\inetpub\wwwroot\php\php-beginner-cursus\objectg\monkey.php on line 49 and exactly 1 expected in C:\inetpub\wwwroot\php\php-beginner-cursus\objectg\monkey.php:17
Stack trace:
#0 C:\inetpub\wwwroot\php\php-beginner-cursus\objectg\monkey.php(49): Aap->__construct()
#1 {main}
  thrown in C:\inetpub\wwwroot\php\php-beginner-cursus\objectg\monkey.php on line 17
[12-Oct-2018 10:27:46 UTC] PHP Fatal error:  Uncaught ArgumentCountError: Too few arguments to function Aap::__construct(), 0 passed in C:\inetpub\wwwroot\php\php-beginner-cursus\objectg\monkey.php on line 49 and exactly 1 expected in C:\inetpub\wwwroot\php\php-beginner-cursus\objectg\monkey.php:17
Stack trace:
#0 C:\inetpub\wwwroot\php\php-beginner-cursus\objectg\monkey.php(49): Aap->__construct()
#1 {main}
  thrown in C:\inetpub\wwwroot\php\php-beginner-cursus\objectg\monkey.php on line 17
[12-Oct-2018 10:27:46 UTC] PHP Fatal error:  Uncaught ArgumentCountError: Too few arguments to function Aap::__construct(), 0 passed in C:\inetpub\wwwroot\php\php-beginner-cursus\objectg\monkey.php on line 49 and exactly 1 expected in C:\inetpub\wwwroot\php\php-beginner-cursus\objectg\monkey.php:17
Stack trace:
#0 C:\inetpub\wwwroot\php\php-beginner-cursus\objectg\monkey.php(49): Aap->__construct()
#1 {main}
  thrown in C:\inetpub\wwwroot\php\php-beginner-cursus\objectg\monkey.php on line 17
[12-Oct-2018 10:27:50 UTC] PHP Fatal error:  Uncaught ArgumentCountError: Too few arguments to function Aap::__construct(), 0 passed in C:\inetpub\wwwroot\php\php-beginner-cursus\objectg\monkey.php on line 49 and exactly 1 expected in C:\inetpub\wwwroot\php\php-beginner-cursus\objectg\monkey.php:17
Stack trace:
#0 C:\inetpub\wwwroot\php\php-beginner-cursus\objectg\monkey.php(49): Aap->__construct()
#1 {main}
  thrown in C:\inetpub\wwwroot\php\php-beginner-cursus\objectg\monkey.php on line 17
[12-Oct-2018 10:27:50 UTC] PHP Fatal error:  Uncaught ArgumentCountError: Too few arguments to function Aap::__construct(), 0 passed in C:\inetpub\wwwroot\php\php-beginner-cursus\objectg\monkey.php on line 49 and exactly 1 expected in C:\inetpub\wwwroot\php\php-beginner-cursus\objectg\monkey.php:17
Stack trace:
#0 C:\inetpub\wwwroot\php\php-beginner-cursus\objectg\monkey.php(49): Aap->__construct()
#1 {main}
  thrown in C:\inetpub\wwwroot\php\php-beginner-cursus\objectg\monkey.php on line 17
[12-Oct-2018 10:27:50 UTC] PHP Fatal error:  Uncaught ArgumentCountError: Too few arguments to function Aap::__construct(), 0 passed in C:\inetpub\wwwroot\php\php-beginner-cursus\objectg\monkey.php on line 49 and exactly 1 expected in C:\inetpub\wwwroot\php\php-beginner-cursus\objectg\monkey.php:17
Stack trace:
#0 C:\inetpub\wwwroot\php\php-beginner-cursus\objectg\monkey.php(49): Aap->__construct()
#1 {main}
  thrown in C:\inetpub\wwwroot\php\php-beginner-cursus\objectg\monkey.php on line 17
[12-Oct-2018 10:27:50 UTC] PHP Fatal error:  Uncaught ArgumentCountError: Too few arguments to function Aap::__construct(), 0 passed in C:\inetpub\wwwroot\php\php-beginner-cursus\objectg\monkey.php on line 49 and exactly 1 expected in C:\inetpub\wwwroot\php\php-beginner-cursus\objectg\monkey.php:17
Stack trace:
#0 C:\inetpub\wwwroot\php\php-beginner-cursus\objectg\monkey.php(49): Aap->__construct()
#1 {main}
  thrown in C:\inetpub\wwwroot\php\php-beginner-cursus\objectg\monkey.php on line 17
[12-Oct-2018 10:28:10 UTC] PHP Notice:  Undefined property: AapOverzicht::$ras in C:\inetpub\wwwroot\php\php-beginner-cursus\objectg\monkey.php on line 51
[12-Oct-2018 10:28:30 UTC] PHP Fatal error:  Uncaught ArgumentCountError: Too few arguments to function Aap::__construct(), 0 passed in C:\inetpub\wwwroot\php\php-beginner-cursus\objectg\monkey.php on line 49 and exactly 1 expected in C:\inetpub\wwwroot\php\php-beginner-cursus\objectg\monkey.php:17
Stack trace:
#0 C:\inetpub\wwwroot\php\php-beginner-cursus\objectg\monkey.php(49): Aap->__construct()
#1 {main}
  thrown in C:\inetpub\wwwroot\php\php-beginner-cursus\objectg\monkey.php on line 17
[12-Oct-2018 11:03:10 UTC] PHP Notice:  Undefined property: AapOverzicht::$ras in C:\inetpub\wwwroot\php\php-beginner-cursus\objectg\monkey.php on line 49
[12-Oct-2018 11:03:10 UTC] PHP Notice:  Undefined property: AapOverzicht::$ras in C:\inetpub\wwwroot\php\php-beginner-cursus\objectg\monkey.php on line 49
[12-Oct-2018 11:03:10 UTC] PHP Notice:  Undefined property: AapOverzicht::$ras in C:\inetpub\wwwroot\php\php-beginner-cursus\objectg\monkey.php on line 49
[12-Oct-2018 11:03:10 UTC] PHP Notice:  Undefined property: AapOverzicht::$ras in C:\inetpub\wwwroot\php\php-beginner-cursus\objectg\monkey.php on line 49
[12-Oct-2018 11:03:11 UTC] PHP Notice:  Undefined property: AapOverzicht::$ras in C:\inetpub\wwwroot\php\php-beginner-cursus\objectg\monkey.php on line 49
[12-Oct-2018 11:03:11 UTC] PHP Notice:  Undefined property: AapOverzicht::$ras in C:\inetpub\wwwroot\php\php-beginner-cursus\objectg\monkey.php on line 49
[12-Oct-2018 11:06:51 UTC] PHP Notice:  Undefined property: AapOverzicht::$ras in C:\inetpub\wwwroot\php\php-beginner-cursus\objectg\monkey.php on line 49
[12-Oct-2018 11:06:52 UTC] PHP Notice:  Undefined property: AapOverzicht::$ras in C:\inetpub\wwwroot\php\php-beginner-cursus\objectg\monkey.php on line 49
[12-Oct-2018 11:06:52 UTC] PHP Notice:  Undefined property: AapOverzicht::$ras in C:\inetpub\wwwroot\php\php-beginner-cursus\objectg\monkey.php on line 49
[12-Oct-2018 11:06:52 UTC] PHP Notice:  Undefined property: AapOverzicht::$ras in C:\inetpub\wwwroot\php\php-beginner-cursus\objectg\monkey.php on line 49
[12-Oct-2018 11:06:52 UTC] PHP Notice:  Undefined property: AapOverzicht::$ras in C:\inetpub\wwwroot\php\php-beginner-cursus\objectg\monkey.php on line 49
[12-Oct-2018 11:06:52 UTC] PHP Notice:  Undefined property: AapOverzicht::$ras in C:\inetpub\wwwroot\php\php-beginner-cursus\objectg\monkey.php on line 49
[12-Oct-2018 11:07:37 UTC] PHP Fatal error:  Uncaught ArgumentCountError: Too few arguments to function AapOverzicht::voegAapToe(), 0 passed in C:\inetpub\wwwroot\php\php-beginner-cursus\objectg\monkey.php on line 49 and exactly 1 expected in C:\inetpub\wwwroot\php\php-beginner-cursus\objectg\monkey.php:7
Stack trace:
#0 C:\inetpub\wwwroot\php\php-beginner-cursus\objectg\monkey.php(49): AapOverzicht->voegAapToe()
#1 {main}
  thrown in C:\inetpub\wwwroot\php\php-beginner-cursus\objectg\monkey.php on line 7
[12-Oct-2018 11:08:17 UTC] PHP Notice:  Trying to get property 'ras' of non-object in C:\inetpub\wwwroot\php\php-beginner-cursus\objectg\monkey.php on line 49
[12-Oct-2018 11:08:38 UTC] PHP Fatal error:  Uncaught Error: Using $this when not in object context in C:\inetpub\wwwroot\php\php-beginner-cursus\objectg\monkey.php:49
Stack trace:
#0 {main}
  thrown in C:\inetpub\wwwroot\php\php-beginner-cursus\objectg\monkey.php on line 49
[12-Oct-2018 11:09:17 UTC] PHP Fatal error:  Uncaught Error: Using $this when not in object context in C:\inetpub\wwwroot\php\php-beginner-cursus\objectg\monkey.php:49
Stack trace:
#0 {main}
  thrown in C:\inetpub\wwwroot\php\php-beginner-cursus\objectg\monkey.php on line 49
[12-Oct-2018 11:09:17 UTC] PHP Fatal error:  Uncaught Error: Using $this when not in object context in C:\inetpub\wwwroot\php\php-beginner-cursus\objectg\monkey.php:49
Stack trace:
#0 {main}
  thrown in C:\inetpub\wwwroot\php\php-beginner-cursus\objectg\monkey.php on line 49
[12-Oct-2018 11:09:17 UTC] PHP Fatal error:  Uncaught Error: Using $this when not in object context in C:\inetpub\wwwroot\php\php-beginner-cursus\objectg\monkey.php:49
Stack trace:
#0 {main}
  thrown in C:\inetpub\wwwroot\php\php-beginner-cursus\objectg\monkey.php on line 49
[12-Oct-2018 11:09:17 UTC] PHP Fatal error:  Uncaught Error: Using $this when not in object context in C:\inetpub\wwwroot\php\php-beginner-cursus\objectg\monkey.php:49
Stack trace:
#0 {main}
  thrown in C:\inetpub\wwwroot\php\php-beginner-cursus\objectg\monkey.php on line 49
[12-Oct-2018 11:09:18 UTC] PHP Fatal error:  Uncaught Error: Using $this when not in object context in C:\inetpub\wwwroot\php\php-beginner-cursus\objectg\monkey.php:49
Stack trace:
#0 {main}
  thrown in C:\inetpub\wwwroot\php\php-beginner-cursus\objectg\monkey.php on line 49
[12-Oct-2018 11:09:18 UTC] PHP Fatal error:  Uncaught Error: Using $this when not in object context in C:\inetpub\wwwroot\php\php-beginner-cursus\objectg\monkey.php:49
Stack trace:
#0 {main}
  thrown in C:\inetpub\wwwroot\php\php-beginner-cursus\objectg\monkey.php on line 49
[12-Oct-2018 11:09:34 UTC] PHP Recoverable fatal error:  Object of class Aap could not be converted to string in C:\inetpub\wwwroot\php\php-beginner-cursus\objectg\monkey.php on line 80
[12-Oct-2018 11:09:55 UTC] PHP Notice:  Array to string conversion in C:\inetpub\wwwroot\php\php-beginner-cursus\objectg\monkey.php on line 53
[12-Oct-2018 11:09:55 UTC] PHP Notice:  Array to string conversion in C:\inetpub\wwwroot\php\php-beginner-cursus\objectg\monkey.php on line 53
[12-Oct-2018 11:10:30 UTC] PHP Notice:  Array to string conversion in C:\inetpub\wwwroot\php\php-beginner-cursus\objectg\monkey.php on line 53
[12-Oct-2018 11:10:40 UTC] PHP Recoverable fatal error:  Object of class Aap could not be converted to string in C:\inetpub\wwwroot\php\php-beginner-cursus\objectg\monkey.php on line 53
[12-Oct-2018 11:16:34 UTC] PHP Fatal error:  Uncaught Error: Cannot use object of type AapOverzicht as array in C:\inetpub\wwwroot\php\php-beginner-cursus\objectg\monkey.php:49
Stack trace:
#0 {main}
  thrown in C:\inetpub\wwwroot\php\php-beginner-cursus\objectg\monkey.php on line 49
[12-Oct-2018 11:18:43 UTC] PHP Fatal error:  Uncaught ArgumentCountError: Too few arguments to function Aap::__construct(), 0 passed in C:\inetpub\wwwroot\php\php-beginner-cursus\objectg\monkey.php on line 47 and exactly 1 expected in C:\inetpub\wwwroot\php\php-beginner-cursus\objectg\monkey.php:17
Stack trace:
#0 C:\inetpub\wwwroot\php\php-beginner-cursus\objectg\monkey.php(47): Aap->__construct()
#1 {main}
  thrown in C:\inetpub\wwwroot\php\php-beginner-cursus\objectg\monkey.php on line 17
[12-Oct-2018 11:19:14 UTC] PHP Notice:  Undefined variable: ras in C:\inetpub\wwwroot\php\php-beginner-cursus\objectg\monkey.php on line 47
[12-Oct-2018 11:19:14 UTC] PHP Notice:  Undefined variable: ea in C:\inetpub\wwwroot\php\php-beginner-cursus\objectg\monkey.php on line 48
[12-Oct-2018 11:19:14 UTC] PHP Notice:  Trying to get property 'ras' of non-object in C:\inetpub\wwwroot\php\php-beginner-cursus\objectg\monkey.php on line 48
[12-Oct-2018 11:19:14 UTC] PHP Warning:  print_r() expects at least 1 parameter, 0 given in C:\inetpub\wwwroot\php\php-beginner-cursus\objectg\monkey.php on line 51
[12-Oct-2018 11:19:15 UTC] PHP Notice:  Undefined variable: ras in C:\inetpub\wwwroot\php\php-beginner-cursus\objectg\monkey.php on line 47
[12-Oct-2018 11:19:15 UTC] PHP Notice:  Undefined variable: ea in C:\inetpub\wwwroot\php\php-beginner-cursus\objectg\monkey.php on line 48
[12-Oct-2018 11:19:15 UTC] PHP Notice:  Trying to get property 'ras' of non-object in C:\inetpub\wwwroot\php\php-beginner-cursus\objectg\monkey.php on line 48
[12-Oct-2018 11:19:15 UTC] PHP Warning:  print_r() expects at least 1 parameter, 0 given in C:\inetpub\wwwroot\php\php-beginner-cursus\objectg\monkey.php on line 51
[12-Oct-2018 11:23:55 UTC] PHP Fatal error:  Uncaught Error: Using $this when not in object context in C:\inetpub\wwwroot\php\php-beginner-cursus\objectg\monkey.php:50
Stack trace:
#0 {main}
  thrown in C:\inetpub\wwwroot\php\php-beginner-cursus\objectg\monkey.php on line 50
[12-Oct-2018 11:25:31 UTC] PHP Fatal error:  Uncaught Error: Cannot use object of type AapOverzicht as array in C:\inetpub\wwwroot\php\php-beginner-cursus\objectg\monkey.php:49
Stack trace:
#0 {main}
  thrown in C:\inetpub\wwwroot\php\php-beginner-cursus\objectg\monkey.php on line 49
[12-Oct-2018 11:25:32 UTC] PHP Fatal error:  Uncaught Error: Cannot use object of type AapOverzicht as array in C:\inetpub\wwwroot\php\php-beginner-cursus\objectg\monkey.php:49
Stack trace:
#0 {main}
  thrown in C:\inetpub\wwwroot\php\php-beginner-cursus\objectg\monkey.php on line 49
[12-Oct-2018 11:25:32 UTC] PHP Fatal error:  Uncaught Error: Cannot use object of type AapOverzicht as array in C:\inetpub\wwwroot\php\php-beginner-cursus\objectg\monkey.php:49
Stack trace:
#0 {main}
  thrown in C:\inetpub\wwwroot\php\php-beginner-cursus\objectg\monkey.php on line 49
[12-Oct-2018 11:25:32 UTC] PHP Fatal error:  Uncaught Error: Cannot use object of type AapOverzicht as array in C:\inetpub\wwwroot\php\php-beginner-cursus\objectg\monkey.php:49
Stack trace:
#0 {main}
  thrown in C:\inetpub\wwwroot\php\php-beginner-cursus\objectg\monkey.php on line 49
[12-Oct-2018 11:25:32 UTC] PHP Fatal error:  Uncaught Error: Cannot use object of type AapOverzicht as array in C:\inetpub\wwwroot\php\php-beginner-cursus\objectg\monkey.php:49
Stack trace:
#0 {main}
  thrown in C:\inetpub\wwwroot\php\php-beginner-cursus\objectg\monkey.php on line 49
[12-Oct-2018 11:25:33 UTC] PHP Fatal error:  Uncaught Error: Cannot use object of type AapOverzicht as array in C:\inetpub\wwwroot\php\php-beginner-cursus\objectg\monkey.php:49
Stack trace:
#0 {main}
  thrown in C:\inetpub\wwwroot\php\php-beginner-cursus\objectg\monkey.php on line 49
[12-Oct-2018 11:25:37 UTC] PHP Fatal error:  Uncaught Error: Cannot use object of type AapOverzicht as array in C:\inetpub\wwwroot\php\php-beginner-cursus\objectg\monkey.php:49
Stack trace:
#0 {main}
  thrown in C:\inetpub\wwwroot\php\php-beginner-cursus\objectg\monkey.php on line 49
[12-Oct-2018 11:25:37 UTC] PHP Fatal error:  Uncaught Error: Cannot use object of type AapOverzicht as array in C:\inetpub\wwwroot\php\php-beginner-cursus\objectg\monkey.php:49
Stack trace:
#0 {main}
  thrown in C:\inetpub\wwwroot\php\php-beginner-cursus\objectg\monkey.php on line 49
[12-Oct-2018 11:25:37 UTC] PHP Fatal error:  Uncaught Error: Cannot use object of type AapOverzicht as array in C:\inetpub\wwwroot\php\php-beginner-cursus\objectg\monkey.php:49
Stack trace:
#0 {main}
  thrown in C:\inetpub\wwwroot\php\php-beginner-cursus\objectg\monkey.php on line 49
[12-Oct-2018 11:25:38 UTC] PHP Fatal error:  Uncaught Error: Cannot use object of type AapOverzicht as array in C:\inetpub\wwwroot\php\php-beginner-cursus\objectg\monkey.php:49
Stack trace:
#0 {main}
  thrown in C:\inetpub\wwwroot\php\php-beginner-cursus\objectg\monkey.php on line 49
[12-Oct-2018 12:04:15 UTC] PHP Parse error:  syntax error, unexpected '}', expecting ',' or ';' in C:\inetpub\wwwroot\php\php-beginner-cursus\objectg\monkey.php on line 75
[15-Oct-2018 07:20:50 UTC] PHP Notice:  Undefined variable: aap in C:\inetpub\wwwroot\php\php-beginner-cursus\objectg\monkey.php on line 11
[15-Oct-2018 07:21:18 UTC] PHP Parse error:  syntax error, unexpected 'echo' (T_ECHO), expecting function (T_FUNCTION) or const (T_CONST) in C:\inetpub\wwwroot\php\php-beginner-cursus\objectg\monkey.php on line 12
[15-Oct-2018 07:21:37 UTC] PHP Fatal error:  Uncaught Error: Using $this when not in object context in C:\inetpub\wwwroot\php\php-beginner-cursus\objectg\monkey.php:16
Stack trace:
#0 {main}
  thrown in C:\inetpub\wwwroot\php\php-beginner-cursus\objectg\monkey.php on line 16
[15-Oct-2018 07:21:45 UTC] PHP Notice:  Undefined variable: aap in C:\inetpub\wwwroot\php\php-beginner-cursus\objectg\monkey.php on line 16
[15-Oct-2018 07:30:24 UTC] PHP Warning:  Use of undefined constant uid - assumed 'uid' (this will throw an Error in a future version of PHP) in C:\inetpub\wwwroot\php\php-beginner-cursus\objectg\monkey.php on line 69
[15-Oct-2018 07:30:24 UTC] PHP Warning:  Use of undefined constant name - assumed 'name' (this will throw an Error in a future version of PHP) in C:\inetpub\wwwroot\php\php-beginner-cursus\objectg\monkey.php on line 70
[15-Oct-2018 07:30:24 UTC] PHP Warning:  Use of undefined constant url - assumed 'url' (this will throw an Error in a future version of PHP) in C:\inetpub\wwwroot\php\php-beginner-cursus\objectg\monkey.php on line 71
[15-Oct-2018 07:30:24 UTC] PHP Warning:  Use of undefined constant uid - assumed 'uid' (this will throw an Error in a future version of PHP) in C:\inetpub\wwwroot\php\php-beginner-cursus\objectg\monkey.php on line 76
[15-Oct-2018 07:30:24 UTC] PHP Warning:  Use of undefined constant name - assumed 'name' (this will throw an Error in a future version of PHP) in C:\inetpub\wwwroot\php\php-beginner-cursus\objectg\monkey.php on line 77
[15-Oct-2018 07:30:24 UTC] PHP Warning:  Use of undefined constant pic_square - assumed 'pic_square' (this will throw an Error in a future version of PHP) in C:\inetpub\wwwroot\php\php-beginner-cursus\objectg\monkey.php on line 78
[15-Oct-2018 07:30:24 UTC] PHP Warning:  Use of undefined constant uid - assumed 'uid' (this will throw an Error in a future version of PHP) in C:\inetpub\wwwroot\php\php-beginner-cursus\objectg\monkey.php on line 83
[15-Oct-2018 07:30:24 UTC] PHP Warning:  Use of undefined constant name - assumed 'name' (this will throw an Error in a future version of PHP) in C:\inetpub\wwwroot\php\php-beginner-cursus\objectg\monkey.php on line 84
[15-Oct-2018 07:30:24 UTC] PHP Warning:  Use of undefined constant pic_square - assumed 'pic_square' (this will throw an Error in a future version of PHP) in C:\inetpub\wwwroot\php\php-beginner-cursus\objectg\monkey.php on line 85
[15-Oct-2018 07:31:23 UTC] PHP Notice:  Undefined variable: taxonomies in C:\inetpub\wwwroot\php\php-beginner-cursus\objectg\monkey.php on line 80
[15-Oct-2018 07:31:23 UTC] PHP Warning:  Invalid argument supplied for foreach() in C:\inetpub\wwwroot\php\php-beginner-cursus\objectg\monkey.php on line 80
[15-Oct-2018 07:34:16 UTC] PHP Warning:  array_search() expects parameter 2 to be array, string given in C:\inetpub\wwwroot\php\php-beginner-cursus\objectg\monkey.php on line 82
[15-Oct-2018 07:34:16 UTC] PHP Warning:  array_search() expects parameter 2 to be array, string given in C:\inetpub\wwwroot\php\php-beginner-cursus\objectg\monkey.php on line 82
[15-Oct-2018 07:34:16 UTC] PHP Warning:  array_search() expects parameter 2 to be array, string given in C:\inetpub\wwwroot\php\php-beginner-cursus\objectg\monkey.php on line 82
[15-Oct-2018 07:34:16 UTC] PHP Warning:  array_search() expects parameter 2 to be array, string given in C:\inetpub\wwwroot\php\php-beginner-cursus\objectg\monkey.php on line 82
[15-Oct-2018 07:34:16 UTC] PHP Warning:  array_search() expects parameter 2 to be array, string given in C:\inetpub\wwwroot\php\php-beginner-cursus\objectg\monkey.php on line 82
[15-Oct-2018 07:34:16 UTC] PHP Warning:  array_search() expects parameter 2 to be array, string given in C:\inetpub\wwwroot\php\php-beginner-cursus\objectg\monkey.php on line 82
[15-Oct-2018 07:34:16 UTC] PHP Warning:  array_search() expects parameter 2 to be array, string given in C:\inetpub\wwwroot\php\php-beginner-cursus\objectg\monkey.php on line 82
[15-Oct-2018 07:34:16 UTC] PHP Warning:  array_search() expects parameter 2 to be array, string given in C:\inetpub\wwwroot\php\php-beginner-cursus\objectg\monkey.php on line 82
[15-Oct-2018 07:34:16 UTC] PHP Warning:  array_search() expects parameter 2 to be array, string given in C:\inetpub\wwwroot\php\php-beginner-cursus\objectg\monkey.php on line 82
[15-Oct-2018 07:34:16 UTC] PHP Warning:  array_search() expects parameter 2 to be array, string given in C:\inetpub\wwwroot\php\php-beginner-cursus\objectg\monkey.php on line 82
[15-Oct-2018 07:34:16 UTC] PHP Warning:  array_search() expects parameter 2 to be array, string given in C:\inetpub\wwwroot\php\php-beginner-cursus\objectg\monkey.php on line 82
[15-Oct-2018 07:34:16 UTC] PHP Warning:  array_search() expects parameter 2 to be array, string given in C:\inetpub\wwwroot\php\php-beginner-cursus\objectg\monkey.php on line 82
[15-Oct-2018 07:34:16 UTC] PHP Warning:  array_search() expects parameter 2 to be array, string given in C:\inetpub\wwwroot\php\php-beginner-cursus\objectg\monkey.php on line 82
[15-Oct-2018 07:34:16 UTC] PHP Warning:  array_search() expects parameter 2 to be array, string given in C:\inetpub\wwwroot\php\php-beginner-cursus\objectg\monkey.php on line 82
[15-Oct-2018 07:34:16 UTC] PHP Warning:  array_search() expects parameter 2 to be array, string given in C:\inetpub\wwwroot\php\php-beginner-cursus\objectg\monkey.php on line 82
[15-Oct-2018 07:34:16 UTC] PHP Warning:  array_search() expects parameter 2 to be array, string given in C:\inetpub\wwwroot\php\php-beginner-cursus\objectg\monkey.php on line 82
[15-Oct-2018 07:34:16 UTC] PHP Warning:  array_search() expects parameter 2 to be array, string given in C:\inetpub\wwwroot\php\php-beginner-cursus\objectg\monkey.php on line 82
[15-Oct-2018 07:40:16 UTC] PHP Recoverable fatal error:  Object of class Aap could not be converted to string in C:\inetpub\wwwroot\php\php-beginner-cursus\objectg\monkey.php on line 10
[15-Oct-2018 07:41:41 UTC] PHP Recoverable fatal error:  Object of class Aap could not be converted to string in C:\inetpub\wwwroot\php\php-beginner-cursus\objectg\monkey.php on line 10
[15-Oct-2018 07:41:42 UTC] PHP Recoverable fatal error:  Object of class Aap could not be converted to string in C:\inetpub\wwwroot\php\php-beginner-cursus\objectg\monkey.php on line 10
[15-Oct-2018 07:41:42 UTC] PHP Recoverable fatal error:  Object of class Aap could not be converted to string in C:\inetpub\wwwroot\php\php-beginner-cursus\objectg\monkey.php on line 10
[15-Oct-2018 07:41:42 UTC] PHP Recoverable fatal error:  Object of class Aap could not be converted to string in C:\inetpub\wwwroot\php\php-beginner-cursus\objectg\monkey.php on line 10
[15-Oct-2018 07:41:42 UTC] PHP Recoverable fatal error:  Object of class Aap could not be converted to string in C:\inetpub\wwwroot\php\php-beginner-cursus\objectg\monkey.php on line 10
[15-Oct-2018 07:41:45 UTC] PHP Recoverable fatal error:  Object of class Aap could not be converted to string in C:\inetpub\wwwroot\php\php-beginner-cursus\objectg\monkey.php on line 10
[15-Oct-2018 07:41:45 UTC] PHP Recoverable fatal error:  Object of class Aap could not be converted to string in C:\inetpub\wwwroot\php\php-beginner-cursus\objectg\monkey.php on line 10
[15-Oct-2018 07:41:45 UTC] PHP Recoverable fatal error:  Object of class Aap could not be converted to string in C:\inetpub\wwwroot\php\php-beginner-cursus\objectg\monkey.php on line 10
[15-Oct-2018 07:41:46 UTC] PHP Recoverable fatal error:  Object of class Aap could not be converted to string in C:\inetpub\wwwroot\php\php-beginner-cursus\objectg\monkey.php on line 10
[15-Oct-2018 07:41:46 UTC] PHP Recoverable fatal error:  Object of class Aap could not be converted to string in C:\inetpub\wwwroot\php\php-beginner-cursus\objectg\monkey.php on line 10
[15-Oct-2018 07:41:46 UTC] PHP Recoverable fatal error:  Object of class Aap could not be converted to string in C:\inetpub\wwwroot\php\php-beginner-cursus\objectg\monkey.php on line 10
[15-Oct-2018 07:42:14 UTC] PHP Recoverable fatal error:  Object of class Aap could not be converted to string in C:\inetpub\wwwroot\php\php-beginner-cursus\objectg\monkey.php on line 10
[15-Oct-2018 07:42:14 UTC] PHP Recoverable fatal error:  Object of class Aap could not be converted to string in C:\inetpub\wwwroot\php\php-beginner-cursus\objectg\monkey.php on line 10
[15-Oct-2018 07:42:14 UTC] PHP Recoverable fatal error:  Object of class Aap could not be converted to string in C:\inetpub\wwwroot\php\php-beginner-cursus\objectg\monkey.php on line 10
[15-Oct-2018 07:42:15 UTC] PHP Recoverable fatal error:  Object of class Aap could not be converted to string in C:\inetpub\wwwroot\php\php-beginner-cursus\objectg\monkey.php on line 10
[15-Oct-2018 07:43:23 UTC] PHP Recoverable fatal error:  Object of class Aap could not be converted to string in C:\inetpub\wwwroot\php\php-beginner-cursus\objectg\monkey.php on line 10
[15-Oct-2018 07:43:23 UTC] PHP Recoverable fatal error:  Object of class Aap could not be converted to string in C:\inetpub\wwwroot\php\php-beginner-cursus\objectg\monkey.php on line 10
[15-Oct-2018 07:43:24 UTC] PHP Recoverable fatal error:  Object of class Aap could not be converted to string in C:\inetpub\wwwroot\php\php-beginner-cursus\objectg\monkey.php on line 10
[15-Oct-2018 07:43:24 UTC] PHP Recoverable fatal error:  Object of class Aap could not be converted to string in C:\inetpub\wwwroot\php\php-beginner-cursus\objectg\monkey.php on line 10
[15-Oct-2018 07:43:25 UTC] PHP Recoverable fatal error:  Object of class Aap could not be converted to string in C:\inetpub\wwwroot\php\php-beginner-cursus\objectg\monkey.php on line 10
[15-Oct-2018 07:43:40 UTC] PHP Recoverable fatal error:  Object of class Aap could not be converted to string in C:\inetpub\wwwroot\php\php-beginner-cursus\objectg\monkey.php on line 10
[15-Oct-2018 07:43:41 UTC] PHP Recoverable fatal error:  Object of class Aap could not be converted to string in C:\inetpub\wwwroot\php\php-beginner-cursus\objectg\monkey.php on line 10
[15-Oct-2018 07:43:41 UTC] PHP Recoverable fatal error:  Object of class Aap could not be converted to string in C:\inetpub\wwwroot\php\php-beginner-cursus\objectg\monkey.php on line 10
[15-Oct-2018 07:43:41 UTC] PHP Recoverable fatal error:  Object of class Aap could not be converted to string in C:\inetpub\wwwroot\php\php-beginner-cursus\objectg\monkey.php on line 10
[15-Oct-2018 07:43:50 UTC] PHP Recoverable fatal error:  Object of class Aap could not be converted to string in C:\inetpub\wwwroot\php\php-beginner-cursus\objectg\monkey.php on line 10
[15-Oct-2018 07:43:51 UTC] PHP Recoverable fatal error:  Object of class Aap could not be converted to string in C:\inetpub\wwwroot\php\php-beginner-cursus\objectg\monkey.php on line 10
[15-Oct-2018 07:43:51 UTC] PHP Recoverable fatal error:  Object of class Aap could not be converted to string in C:\inetpub\wwwroot\php\php-beginner-cursus\objectg\monkey.php on line 10
[15-Oct-2018 07:43:57 UTC] PHP Recoverable fatal error:  Object of class Aap could not be converted to string in C:\inetpub\wwwroot\php\php-beginner-cursus\objectg\monkey.php on line 10
[15-Oct-2018 07:43:58 UTC] PHP Recoverable fatal error:  Object of class Aap could not be converted to string in C:\inetpub\wwwroot\php\php-beginner-cursus\objectg\monkey.php on line 10
[15-Oct-2018 07:43:58 UTC] PHP Recoverable fatal error:  Object of class Aap could not be converted to string in C:\inetpub\wwwroot\php\php-beginner-cursus\objectg\monkey.php on line 10
[15-Oct-2018 07:43:58 UTC] PHP Recoverable fatal error:  Object of class Aap could not be converted to string in C:\inetpub\wwwroot\php\php-beginner-cursus\objectg\monkey.php on line 10
[15-Oct-2018 07:44:04 UTC] PHP Recoverable fatal error:  Object of class Aap could not be converted to string in C:\inetpub\wwwroot\php\php-beginner-cursus\objectg\monkey.php on line 10
[15-Oct-2018 07:44:05 UTC] PHP Recoverable fatal error:  Object of class Aap could not be converted to string in C:\inetpub\wwwroot\php\php-beginner-cursus\objectg\monkey.php on line 10
[15-Oct-2018 07:44:05 UTC] PHP Recoverable fatal error:  Object of class Aap could not be converted to string in C:\inetpub\wwwroot\php\php-beginner-cursus\objectg\monkey.php on line 10
[15-Oct-2018 07:44:05 UTC] PHP Recoverable fatal error:  Object of class Aap could not be converted to string in C:\inetpub\wwwroot\php\php-beginner-cursus\objectg\monkey.php on line 10
[15-Oct-2018 07:44:20 UTC] PHP Recoverable fatal error:  Object of class Aap could not be converted to string in C:\inetpub\wwwroot\php\php-beginner-cursus\objectg\monkey.php on line 10
[15-Oct-2018 07:44:50 UTC] PHP Recoverable fatal error:  Object of class Aap could not be converted to string in C:\inetpub\wwwroot\php\php-beginner-cursus\objectg\monkey.php on line 10
[15-Oct-2018 07:44:50 UTC] PHP Recoverable fatal error:  Object of class Aap could not be converted to string in C:\inetpub\wwwroot\php\php-beginner-cursus\objectg\monkey.php on line 10
[15-Oct-2018 07:44:51 UTC] PHP Recoverable fatal error:  Object of class Aap could not be converted to string in C:\inetpub\wwwroot\php\php-beginner-cursus\objectg\monkey.php on line 10
[15-Oct-2018 07:44:51 UTC] PHP Recoverable fatal error:  Object of class Aap could not be converted to string in C:\inetpub\wwwroot\php\php-beginner-cursus\objectg\monkey.php on line 10
[15-Oct-2018 07:44:51 UTC] PHP Recoverable fatal error:  Object of class Aap could not be converted to string in C:\inetpub\wwwroot\php\php-beginner-cursus\objectg\monkey.php on line 10
[15-Oct-2018 07:44:51 UTC] PHP Recoverable fatal error:  Object of class Aap could not be converted to string in C:\inetpub\wwwroot\php\php-beginner-cursus\objectg\monkey.php on line 10
[15-Oct-2018 07:45:11 UTC] PHP Notice:  Undefined variable: ao in C:\inetpub\wwwroot\php\php-beginner-cursus\objectg\monkey.php on line 44
[15-Oct-2018 07:45:11 UTC] PHP Notice:  Trying to get property 'url' of non-object in C:\inetpub\wwwroot\php\php-beginner-cursus\objectg\monkey.php on line 44
[15-Oct-2018 07:45:44 UTC] PHP Recoverable fatal error:  Object of class Aap could not be converted to string in C:\inetpub\wwwroot\php\php-beginner-cursus\objectg\monkey.php on line 10
[15-Oct-2018 07:46:00 UTC] PHP Recoverable fatal error:  Object of class Aap could not be converted to string in C:\inetpub\wwwroot\php\php-beginner-cursus\objectg\monkey.php on line 10
[15-Oct-2018 07:46:00 UTC] PHP Recoverable fatal error:  Object of class Aap could not be converted to string in C:\inetpub\wwwroot\php\php-beginner-cursus\objectg\monkey.php on line 10
[15-Oct-2018 07:46:00 UTC] PHP Recoverable fatal error:  Object of class Aap could not be converted to string in C:\inetpub\wwwroot\php\php-beginner-cursus\objectg\monkey.php on line 10
[15-Oct-2018 07:46:00 UTC] PHP Recoverable fatal error:  Object of class Aap could not be converted to string in C:\inetpub\wwwroot\php\php-beginner-cursus\objectg\monkey.php on line 10
[15-Oct-2018 07:46:01 UTC] PHP Recoverable fatal error:  Object of class Aap could not be converted to string in C:\inetpub\wwwroot\php\php-beginner-cursus\objectg\monkey.php on line 10
[15-Oct-2018 07:46:23 UTC] PHP Notice:  Undefined property: AapOverzicht::$url in C:\inetpub\wwwroot\php\php-beginner-cursus\objectg\monkey.php on line 11
[15-Oct-2018 07:46:23 UTC] PHP Notice:  Undefined property: AapOverzicht::$url in C:\inetpub\wwwroot\php\php-beginner-cursus\objectg\monkey.php on line 49
[15-Oct-2018 07:47:43 UTC] PHP Parse error:  syntax error, unexpected '$name' (T_VARIABLE) in C:\inetpub\wwwroot\php\php-beginner-cursus\objectg\monkey.php on line 10
[15-Oct-2018 07:47:51 UTC] PHP Recoverable fatal error:  Object of class Aap could not be converted to string in C:\inetpub\wwwroot\php\php-beginner-cursus\objectg\monkey.php on line 10
[15-Oct-2018 07:48:28 UTC] PHP Recoverable fatal error:  Object of class Aap could not be converted to string in C:\inetpub\wwwroot\php\php-beginner-cursus\objectg\monkey.php on line 10
[15-Oct-2018 07:48:28 UTC] PHP Recoverable fatal error:  Object of class Aap could not be converted to string in C:\inetpub\wwwroot\php\php-beginner-cursus\objectg\monkey.php on line 10
[15-Oct-2018 07:48:28 UTC] PHP Recoverable fatal error:  Object of class Aap could not be converted to string in C:\inetpub\wwwroot\php\php-beginner-cursus\objectg\monkey.php on line 10
[15-Oct-2018 07:50:11 UTC] PHP Fatal error:  Cannot redeclare AapOverzicht::voegAapToe() in C:\inetpub\wwwroot\php\php-beginner-cursus\objectg\monkey.php on line 11
[15-Oct-2018 07:50:19 UTC] PHP Notice:  Undefined property: AapOverzicht::$ras in C:\inetpub\wwwroot\php\php-beginner-cursus\objectg\monkey.php on line 57
[15-Oct-2018 07:58:18 UTC] PHP Notice:  Undefined variable: arrayandkey in C:\inetpub\wwwroot\php\php-beginner-cursus\objectg\monkey.php on line 40
[15-Oct-2018 07:58:51 UTC] PHP Recoverable fatal error:  Object of class Aap could not be converted to string in C:\inetpub\wwwroot\php\php-beginner-cursus\objectg\monkey.php on line 14
[15-Oct-2018 07:59:17 UTC] PHP Recoverable fatal error:  Object of class Aap could not be converted to string in C:\inetpub\wwwroot\php\php-beginner-cursus\objectg\monkey.php on line 14
[15-Oct-2018 07:59:17 UTC] PHP Recoverable fatal error:  Object of class Aap could not be converted to string in C:\inetpub\wwwroot\php\php-beginner-cursus\objectg\monkey.php on line 14
[15-Oct-2018 07:59:17 UTC] PHP Recoverable fatal error:  Object of class Aap could not be converted to string in C:\inetpub\wwwroot\php\php-beginner-cursus\objectg\monkey.php on line 14
[15-Oct-2018 07:59:18 UTC] PHP Recoverable fatal error:  Object of class Aap could not be converted to string in C:\inetpub\wwwroot\php\php-beginner-cursus\objectg\monkey.php on line 14
[15-Oct-2018 07:59:18 UTC] PHP Recoverable fatal error:  Object of class Aap could not be converted to string in C:\inetpub\wwwroot\php\php-beginner-cursus\objectg\monkey.php on line 14
[15-Oct-2018 07:59:18 UTC] PHP Recoverable fatal error:  Object of class Aap could not be converted to string in C:\inetpub\wwwroot\php\php-beginner-cursus\objectg\monkey.php on line 14
[15-Oct-2018 07:59:33 UTC] PHP Fatal error:  Uncaught ArgumentCountError: Too few arguments to function AapOverzicht::makeArray(), 0 passed in C:\inetpub\wwwroot\php\php-beginner-cursus\objectg\monkey.php on line 42 and exactly 1 expected in C:\inetpub\wwwroot\php\php-beginner-cursus\objectg\monkey.php:11
Stack trace:
#0 C:\inetpub\wwwroot\php\php-beginner-cursus\objectg\monkey.php(42): AapOverzicht->makeArray()
#1 {main}
  thrown in C:\inetpub\wwwroot\php\php-beginner-cursus\objectg\monkey.php on line 11
[15-Oct-2018 07:59:46 UTC] PHP Recoverable fatal error:  Object of class Aap could not be converted to string in C:\inetpub\wwwroot\php\php-beginner-cursus\objectg\monkey.php on line 14
[15-Oct-2018 08:03:50 UTC] PHP Notice:  Undefined property: AapOverzicht::$arrayandkey in C:\inetpub\wwwroot\php\php-beginner-cursus\objectg\monkey.php on line 18
[15-Oct-2018 08:03:50 UTC] PHP Notice:  Undefined variable: arrayandkey in C:\inetpub\wwwroot\php\php-beginner-cursus\objectg\monkey.php on line 60
[15-Oct-2018 08:04:05 UTC] PHP Notice:  Undefined property: AapOverzicht::$arrayandkey in C:\inetpub\wwwroot\php\php-beginner-cursus\objectg\monkey.php on line 18
[15-Oct-2018 08:04:05 UTC] PHP Notice:  Undefined variable: arrayandkey in C:\inetpub\wwwroot\php\php-beginner-cursus\objectg\monkey.php on line 60
[15-Oct-2018 08:04:06 UTC] PHP Notice:  Undefined property: AapOverzicht::$arrayandkey in C:\inetpub\wwwroot\php\php-beginner-cursus\objectg\monkey.php on line 18
[15-Oct-2018 08:04:06 UTC] PHP Notice:  Undefined variable: arrayandkey in C:\inetpub\wwwroot\php\php-beginner-cursus\objectg\monkey.php on line 60
[15-Oct-2018 08:04:06 UTC] PHP Notice:  Undefined property: AapOverzicht::$arrayandkey in C:\inetpub\wwwroot\php\php-beginner-cursus\objectg\monkey.php on line 18
[15-Oct-2018 08:04:06 UTC] PHP Notice:  Undefined variable: arrayandkey in C:\inetpub\wwwroot\php\php-beginner-cursus\objectg\monkey.php on line 60
[15-Oct-2018 08:04:06 UTC] PHP Notice:  Undefined property: AapOverzicht::$arrayandkey in C:\inetpub\wwwroot\php\php-beginner-cursus\objectg\monkey.php on line 18
[15-Oct-2018 08:04:06 UTC] PHP Notice:  Undefined variable: arrayandkey in C:\inetpub\wwwroot\php\php-beginner-cursus\objectg\monkey.php on line 60
[15-Oct-2018 08:04:17 UTC] PHP Notice:  Undefined property: AapOverzicht::$arrayandkey in C:\inetpub\wwwroot\php\php-beginner-cursus\objectg\monkey.php on line 18
[15-Oct-2018 08:04:17 UTC] PHP Notice:  Undefined variable: arrayandkey in C:\inetpub\wwwroot\php\php-beginner-cursus\objectg\monkey.php on line 43
[15-Oct-2018 08:04:18 UTC] PHP Notice:  Undefined property: AapOverzicht::$arrayandkey in C:\inetpub\wwwroot\php\php-beginner-cursus\objectg\monkey.php on line 18
[15-Oct-2018 08:04:18 UTC] PHP Notice:  Undefined variable: arrayandkey in C:\inetpub\wwwroot\php\php-beginner-cursus\objectg\monkey.php on line 43
[15-Oct-2018 08:04:18 UTC] PHP Notice:  Undefined property: AapOverzicht::$arrayandkey in C:\inetpub\wwwroot\php\php-beginner-cursus\objectg\monkey.php on line 18
[15-Oct-2018 08:04:18 UTC] PHP Notice:  Undefined variable: arrayandkey in C:\inetpub\wwwroot\php\php-beginner-cursus\objectg\monkey.php on line 43
[15-Oct-2018 08:04:18 UTC] PHP Notice:  Undefined property: AapOverzicht::$arrayandkey in C:\inetpub\wwwroot\php\php-beginner-cursus\objectg\monkey.php on line 18
[15-Oct-2018 08:04:18 UTC] PHP Notice:  Undefined variable: arrayandkey in C:\inetpub\wwwroot\php\php-beginner-cursus\objectg\monkey.php on line 43
[15-Oct-2018 08:04:19 UTC] PHP Notice:  Undefined property: AapOverzicht::$arrayandkey in C:\inetpub\wwwroot\php\php-beginner-cursus\objectg\monkey.php on line 18
[15-Oct-2018 08:04:19 UTC] PHP Notice:  Undefined variable: arrayandkey in C:\inetpub\wwwroot\php\php-beginner-cursus\objectg\monkey.php on line 43
[15-Oct-2018 08:04:24 UTC] PHP Notice:  Undefined variable: arrayandkey in C:\inetpub\wwwroot\php\php-beginner-cursus\objectg\monkey.php on line 43
[15-Oct-2018 08:04:42 UTC] PHP Notice:  Undefined property: AapOverzicht::$arrayandkey in C:\inetpub\wwwroot\php\php-beginner-cursus\objectg\monkey.php on line 18
[15-Oct-2018 08:04:42 UTC] PHP Notice:  Undefined variable: arrayandkey in C:\inetpub\wwwroot\php\php-beginner-cursus\objectg\monkey.php on line 43
[15-Oct-2018 08:05:02 UTC] PHP Notice:  Undefined property: AapOverzicht::$arrayandkey in C:\inetpub\wwwroot\php\php-beginner-cursus\objectg\monkey.php on line 19
[15-Oct-2018 08:05:02 UTC] PHP Notice:  Undefined variable: arrayandkey in C:\inetpub\wwwroot\php\php-beginner-cursus\objectg\monkey.php on line 44
[15-Oct-2018 08:05:02 UTC] PHP Notice:  Undefined property: AapOverzicht::$arrayandkey in C:\inetpub\wwwroot\php\php-beginner-cursus\objectg\monkey.php on line 19
[15-Oct-2018 08:05:02 UTC] PHP Notice:  Undefined variable: arrayandkey in C:\inetpub\wwwroot\php\php-beginner-cursus\objectg\monkey.php on line 44
[15-Oct-2018 08:05:02 UTC] PHP Notice:  Undefined property: AapOverzicht::$arrayandkey in C:\inetpub\wwwroot\php\php-beginner-cursus\objectg\monkey.php on line 19
[15-Oct-2018 08:05:02 UTC] PHP Notice:  Undefined variable: arrayandkey in C:\inetpub\wwwroot\php\php-beginner-cursus\objectg\monkey.php on line 44
[15-Oct-2018 08:05:26 UTC] PHP Notice:  Undefined property: AapOverzicht::$arrayandkey in C:\inetpub\wwwroot\php\php-beginner-cursus\objectg\monkey.php on line 18
[15-Oct-2018 08:05:26 UTC] PHP Notice:  Undefined property: AapOverzicht::$arrayandkey in C:\inetpub\wwwroot\php\php-beginner-cursus\objectg\monkey.php on line 43
[15-Oct-2018 08:05:36 UTC] PHP Notice:  Undefined property: AapOverzicht::$arrayandkey in C:\inetpub\wwwroot\php\php-beginner-cursus\objectg\monkey.php on line 18
[15-Oct-2018 08:05:36 UTC] PHP Notice:  Undefined property: AapOverzicht::$arrayandkey in C:\inetpub\wwwroot\php\php-beginner-cursus\objectg\monkey.php on line 43
[15-Oct-2018 08:05:36 UTC] PHP Notice:  Undefined property: AapOverzicht::$arrayandkey in C:\inetpub\wwwroot\php\php-beginner-cursus\objectg\monkey.php on line 18
[15-Oct-2018 08:05:36 UTC] PHP Notice:  Undefined property: AapOverzicht::$arrayandkey in C:\inetpub\wwwroot\php\php-beginner-cursus\objectg\monkey.php on line 43
[15-Oct-2018 08:05:37 UTC] PHP Notice:  Undefined property: AapOverzicht::$arrayandkey in C:\inetpub\wwwroot\php\php-beginner-cursus\objectg\monkey.php on line 18
[15-Oct-2018 08:05:37 UTC] PHP Notice:  Undefined property: AapOverzicht::$arrayandkey in C:\inetpub\wwwroot\php\php-beginner-cursus\objectg\monkey.php on line 43
[15-Oct-2018 08:05:37 UTC] PHP Notice:  Undefined property: AapOverzicht::$arrayandkey in C:\inetpub\wwwroot\php\php-beginner-cursus\objectg\monkey.php on line 18
[15-Oct-2018 08:05:37 UTC] PHP Notice:  Undefined property: AapOverzicht::$arrayandkey in C:\inetpub\wwwroot\php\php-beginner-cursus\objectg\monkey.php on line 43
[15-Oct-2018 08:10:08 UTC] PHP Notice:  Undefined variable: ape in C:\inetpub\wwwroot\php\php-beginner-cursus\objectg\monkey.php on line 16
[15-Oct-2018 08:10:08 UTC] PHP Notice:  Trying to get property 'ras' of non-object in C:\inetpub\wwwroot\php\php-beginner-cursus\objectg\monkey.php on line 16
[15-Oct-2018 08:11:02 UTC] PHP Notice:  Undefined variable: naam in C:\inetpub\wwwroot\php\php-beginner-cursus\objectg\monkey.php on line 16
[15-Oct-2018 08:11:11 UTC] PHP Notice:  Undefined property: AapOverzicht::$naam in C:\inetpub\wwwroot\php\php-beginner-cursus\objectg\monkey.php on line 16
[15-Oct-2018 08:24:43 UTC] PHP Recoverable fatal error:  Object of class Aap could not be converted to string in C:\inetpub\wwwroot\php\php-beginner-cursus\objectg\monkey.php on line 15
[15-Oct-2018 08:29:25 UTC] PHP Warning:  array_column() expects at least 2 parameters, 1 given in C:\inetpub\wwwroot\php\php-beginner-cursus\objectg\monkey.php on line 71
[15-Oct-2018 08:29:25 UTC] PHP Warning:  array_search() expects parameter 2 to be array, null given in C:\inetpub\wwwroot\php\php-beginner-cursus\objectg\monkey.php on line 71
[15-Oct-2018 08:31:29 UTC] PHP Recoverable fatal error:  Object of class AapOverzicht could not be converted to string in C:\inetpub\wwwroot\php\php-beginner-cursus\objectg\monkey.php on line 74
[15-Oct-2018 08:34:17 UTC] PHP Notice:  Undefined variable: key in C:\inetpub\wwwroot\php\php-beginner-cursus\objectg\monkey.php on line 74
[15-Oct-2018 08:36:57 UTC] PHP Parse error:  syntax error, unexpected 'Baviaan' (T_STRING), expecting ',' or ')' in C:\inetpub\wwwroot\php\php-beginner-cursus\objectg\monkey.php on line 35
[15-Oct-2018 08:56:15 UTC] PHP Parse error:  syntax error, unexpected '=>' (T_DOUBLE_ARROW) in C:\inetpub\wwwroot\php\php-beginner-cursus\objectg\monkey.php on line 15
[15-Oct-2018 08:59:57 UTC] PHP Recoverable fatal error:  Object of class Aap could not be converted to string in C:\inetpub\wwwroot\php\php-beginner-cursus\objectg\monkey.php on line 12
[15-Oct-2018 09:03:06 UTC] PHP Recoverable fatal error:  Object of class Aap could not be converted to string in C:\inetpub\wwwroot\php\php-beginner-cursus\objectg\monkey.php on line 12
[15-Oct-2018 09:03:06 UTC] PHP Recoverable fatal error:  Object of class Aap could not be converted to string in C:\inetpub\wwwroot\php\php-beginner-cursus\objectg\monkey.php on line 12
[15-Oct-2018 09:03:06 UTC] PHP Recoverable fatal error:  Object of class Aap could not be converted to string in C:\inetpub\wwwroot\php\php-beginner-cursus\objectg\monkey.php on line 12
[15-Oct-2018 09:03:06 UTC] PHP Recoverable fatal error:  Object of class Aap could not be converted to string in C:\inetpub\wwwroot\php\php-beginner-cursus\objectg\monkey.php on line 12
[15-Oct-2018 09:03:07 UTC] PHP Recoverable fatal error:  Object of class Aap could not be converted to string in C:\inetpub\wwwroot\php\php-beginner-cursus\objectg\monkey.php on line 12
[15-Oct-2018 09:03:07 UTC] PHP Recoverable fatal error:  Object of class Aap could not be converted to string in C:\inetpub\wwwroot\php\php-beginner-cursus\objectg\monkey.php on line 12
[15-Oct-2018 09:03:07 UTC] PHP Recoverable fatal error:  Object of class Aap could not be converted to string in C:\inetpub\wwwroot\php\php-beginner-cursus\objectg\monkey.php on line 12
[15-Oct-2018 09:04:56 UTC] PHP Notice:  Undefined variable: array in C:\inetpub\wwwroot\php\php-beginner-cursus\objectg\monkey.php on line 71
[15-Oct-2018 09:04:56 UTC] PHP Warning:  array_search() expects parameter 2 to be array, null given in C:\inetpub\wwwroot\php\php-beginner-cursus\objectg\monkey.php on line 71
[15-Oct-2018 09:14:47 UTC] PHP Notice:  Undefined variable: ao in C:\inetpub\wwwroot\php\php-beginner-cursus\objectg\monkey.php on line 147
[15-Oct-2018 09:14:47 UTC] PHP Notice:  Trying to get property 'aap' of non-object in C:\inetpub\wwwroot\php\php-beginner-cursus\objectg\monkey.php on line 147
[15-Oct-2018 09:14:47 UTC] PHP Warning:  Invalid argument supplied for foreach() in C:\inetpub\wwwroot\php\php-beginner-cursus\objectg\monkey.php on line 147
[15-Oct-2018 09:18:11 UTC] PHP Fatal error:  Uncaught Error: Call to undefined method Rassen::getRas() in C:\inetpub\wwwroot\php\php-beginner-cursus\objectg\monkey.php:114
Stack trace:
#0 {main}
  thrown in C:\inetpub\wwwroot\php\php-beginner-cursus\objectg\monkey.php on line 114
[15-Oct-2018 09:41:07 UTC] PHP Notice:  Undefined property: Rassen::$ras in C:\inetpub\wwwroot\php\php-beginner-cursus\objectg\monkey.php on line 126
[15-Oct-2018 09:41:07 UTC] PHP Notice:  Undefined property: Rassen::$ras in C:\inetpub\wwwroot\php\php-beginner-cursus\objectg\monkey.php on line 127
[15-Oct-2018 09:46:07 UTC] PHP Notice:  Undefined index: xerhxdhr in C:\inetpub\wwwroot\php\php-beginner-cursus\objectg\monkey.php on line 132
[15-Oct-2018 09:46:41 UTC] PHP Notice:  Undefined index: xerhxdhr in C:\inetpub\wwwroot\php\php-beginner-cursus\objectg\monkey.php on line 131
[15-Oct-2018 09:47:08 UTC] PHP Notice:  Undefined index: xerhxdhr in C:\inetpub\wwwroot\php\php-beginner-cursus\objectg\monkey.php on line 131
[15-Oct-2018 09:47:29 UTC] PHP Notice:  Undefined index:  in C:\inetpub\wwwroot\php\php-beginner-cursus\objectg\monkey.php on line 131
[15-Oct-2018 09:47:53 UTC] PHP Notice:  Undefined index:  in C:\inetpub\wwwroot\php\php-beginner-cursus\objectg\monkey.php on line 131
[15-Oct-2018 09:47:59 UTC] PHP Notice:  Undefined variable: urlname in C:\inetpub\wwwroot\php\php-beginner-cursus\objectg\monkey.php on line 132
[15-Oct-2018 09:48:37 UTC] PHP Notice:  Undefined index:  in C:\inetpub\wwwroot\php\php-beginner-cursus\objectg\monkey.php on line 131
[15-Oct-2018 09:48:37 UTC] PHP Notice:  Undefined index: baviaan in C:\inetpub\wwwroot\php\php-beginner-cursus\objectg\monkey.php on line 133
[15-Oct-2018 09:48:46 UTC] PHP Notice:  Undefined index:  in C:\inetpub\wwwroot\php\php-beginner-cursus\objectg\monkey.php on line 131
[15-Oct-2018 09:51:17 UTC] PHP Notice:  Undefined index: baviaan in C:\inetpub\wwwroot\php\php-beginner-cursus\objectg\monkey.php on line 132
[15-Oct-2018 09:51:57 UTC] PHP Notice:  Undefined index: cxgnx in C:\inetpub\wwwroot\php\php-beginner-cursus\objectg\monkey.php on line 131
[15-Oct-2018 09:52:42 UTC] PHP Notice:  Undefined index: cxgnx in C:\inetpub\wwwroot\php\php-beginner-cursus\objectg\monkey.php on line 131
[15-Oct-2018 09:53:19 UTC] PHP Notice:  Undefined index: ftukful in C:\inetpub\wwwroot\php\php-beginner-cursus\objectg\monkey.php on line 131
[15-Oct-2018 09:53:50 UTC] PHP Notice:  Undefined index: ftukful in C:\inetpub\wwwroot\php\php-beginner-cursus\objectg\monkey.php on line 131
[15-Oct-2018 09:53:59 UTC] PHP Notice:  Undefined index: cxfgnxfgn in C:\inetpub\wwwroot\php\php-beginner-cursus\objectg\monkey.php on line 131
[15-Oct-2018 09:55:28 UTC] PHP Notice:  Undefined index: yiyg in C:\inetpub\wwwroot\php\php-beginner-cursus\objectg\monkey.php on line 131
[15-Oct-2018 09:55:51 UTC] PHP Notice:  Undefined index: dyhdryh in C:\inetpub\wwwroot\php\php-beginner-cursus\objectg\monkey.php on line 131
[15-Oct-2018 09:56:45 UTC] PHP Notice:  Undefined index: yjdrj in C:\inetpub\wwwroot\php\php-beginner-cursus\objectg\monkey.php on line 131
[15-Oct-2018 09:56:58 UTC] PHP Notice:  Undefined index: yjdrj in C:\inetpub\wwwroot\php\php-beginner-cursus\objectg\monkey.php on line 131
[15-Oct-2018 09:56:58 UTC] PHP Notice:  Undefined variable: urlname in C:\inetpub\wwwroot\php\php-beginner-cursus\objectg\monkey.php on line 133
[15-Oct-2018 09:57:21 UTC] PHP Notice:  Undefined index: cmchmchm in C:\inetpub\wwwroot\php\php-beginner-cursus\objectg\monkey.php on line 131
[15-Oct-2018 09:57:21 UTC] PHP Notice:  Undefined variable: urlname in C:\inetpub\wwwroot\php\php-beginner-cursus\objectg\monkey.php on line 133
[15-Oct-2018 09:59:05 UTC] PHP Notice:  Undefined index: cmchmchm in C:\inetpub\wwwroot\php\php-beginner-cursus\objectg\monkey.php on line 131
[15-Oct-2018 10:02:07 UTC] PHP Notice:  Undefined index: zdfnzdntxfgn in C:\inetpub\wwwroot\php\php-beginner-cursus\objectg\monkey.php on line 131
[15-Oct-2018 10:02:07 UTC] PHP Notice:  Undefined variable: urlname in C:\inetpub\wwwroot\php\php-beginner-cursus\objectg\monkey.php on line 135
[15-Oct-2018 10:02:24 UTC] PHP Notice:  Undefined index: zdfnzdntxfgn in C:\inetpub\wwwroot\php\php-beginner-cursus\objectg\monkey.php on line 131
[15-Oct-2018 10:04:14 UTC] PHP Notice:  Undefined index: zdfnzdntxfgn in C:\inetpub\wwwroot\php\php-beginner-cursus\objectg\monkey.php on line 131
[15-Oct-2018 10:06:10 UTC] PHP Notice:  Undefined index: zdfnzdntxfgn in C:\inetpub\wwwroot\php\php-beginner-cursus\objectg\monkey.php on line 131
[15-Oct-2018 10:15:29 UTC] PHP Notice:  Undefined variable: rasNaam in C:\inetpub\wwwroot\php\php-beginner-cursus\objectg\monkey.php on line 152
[15-Oct-2018 10:15:55 UTC] PHP Notice:  Undefined variable: bestaat in C:\inetpub\wwwroot\php\php-beginner-cursus\objectg\monkey.php on line 131
[15-Oct-2018 10:21:23 UTC] PHP Parse error:  syntax error, unexpected '$rasNaam' (T_VARIABLE) in C:\inetpub\wwwroot\php\php-beginner-cursus\objectg\monkey.php on line 151
[15-Oct-2018 10:27:08 UTC] PHP Notice:  Undefined index: msg in C:\inetpub\wwwroot\php\php-beginner-cursus\objectg\monkey.php on line 185
[15-Oct-2018 11:25:57 UTC] PHP Parse error:  syntax error, unexpected 'foreach' (T_FOREACH) in C:\inetpub\wwwroot\php\php-beginner-cursus\objectg\monkey.php on line 170
[15-Oct-2018 11:28:07 UTC] PHP Notice:  Undefined index: $fisrtletter in C:\inetpub\wwwroot\php\php-beginner-cursus\objectg\monkey.php on line 162
[15-Oct-2018 11:28:16 UTC] PHP Notice:  Undefined index: $fisrtletter in C:\inetpub\wwwroot\php\php-beginner-cursus\objectg\monkey.php on line 162
[15-Oct-2018 11:29:15 UTC] PHP Notice:  Undefined index: $fisrtletter in C:\inetpub\wwwroot\php\php-beginner-cursus\objectg\monkey.php on line 162
[15-Oct-2018 11:29:53 UTC] PHP Notice:  Undefined index: $fisrtletter in C:\inetpub\wwwroot\php\php-beginner-cursus\objectg\monkey.php on line 162
[15-Oct-2018 11:30:47 UTC] PHP Notice:  Undefined index: $fisrtletter in C:\inetpub\wwwroot\php\php-beginner-cursus\objectg\monkey.php on line 165
[15-Oct-2018 11:30:52 UTC] PHP Notice:  Undefined index: subject in C:\inetpub\wwwroot\php\php-beginner-cursus\objectg\monkey.php on line 164
[15-Oct-2018 11:30:52 UTC] PHP Notice:  Undefined index: $fisrtletter in C:\inetpub\wwwroot\php\php-beginner-cursus\objectg\monkey.php on line 165
[15-Oct-2018 11:30:52 UTC] PHP Notice:  Uninitialized string offset: 0 in C:\inetpub\wwwroot\php\php-beginner-cursus\objectg\monkey.php on line 169
[15-Oct-2018 11:33:42 UTC] PHP Notice:  Undefined index: subject in C:\inetpub\wwwroot\php\php-beginner-cursus\objectg\monkey.php on line 164
[15-Oct-2018 11:33:42 UTC] PHP Notice:  Undefined index: $fisrtletter in C:\inetpub\wwwroot\php\php-beginner-cursus\objectg\monkey.php on line 165
[15-Oct-2018 11:33:42 UTC] PHP Notice:  Undefined variable: first in C:\inetpub\wwwroot\php\php-beginner-cursus\objectg\monkey.php on line 167
[15-Oct-2018 11:35:18 UTC] PHP Notice:  Undefined index: subject in C:\inetpub\wwwroot\php\php-beginner-cursus\objectg\monkey.php on line 166
[15-Oct-2018 11:35:18 UTC] PHP Notice:  Undefined index: $firstletter in C:\inetpub\wwwroot\php\php-beginner-cursus\objectg\monkey.php on line 167
[15-Oct-2018 11:35:42 UTC] PHP Notice:  Undefined index: $firstletter in C:\inetpub\wwwroot\php\php-beginner-cursus\objectg\monkey.php on line 167
[15-Oct-2018 11:49:19 UTC] PHP Notice:  Undefined variable: first in C:\inetpub\wwwroot\php\php-beginner-cursus\objectg\monkey.php on line 166
[15-Oct-2018 11:50:18 UTC] PHP Notice:  Undefined variable: subject in C:\inetpub\wwwroot\php\php-beginner-cursus\objectg\monkey.php on line 168
[15-Oct-2018 11:51:07 UTC] PHP Notice:  Undefined variable: subject in C:\inetpub\wwwroot\php\php-beginner-cursus\objectg\monkey.php on line 166
[15-Oct-2018 11:51:49 UTC] PHP Notice:  Undefined variable: subject in C:\inetpub\wwwroot\php\php-beginner-cursus\objectg\monkey.php on line 165
[15-Oct-2018 11:52:04 UTC] PHP Notice:  Undefined variable: subject in C:\inetpub\wwwroot\php\php-beginner-cursus\objectg\monkey.php on line 165
[15-Oct-2018 11:52:04 UTC] PHP Notice:  Undefined variable: subject in C:\inetpub\wwwroot\php\php-beginner-cursus\objectg\monkey.php on line 165
[15-Oct-2018 11:52:04 UTC] PHP Notice:  Undefined variable: subject in C:\inetpub\wwwroot\php\php-beginner-cursus\objectg\monkey.php on line 165
[15-Oct-2018 11:52:04 UTC] PHP Notice:  Undefined variable: subject in C:\inetpub\wwwroot\php\php-beginner-cursus\objectg\monkey.php on line 165
[15-Oct-2018 11:52:06 UTC] PHP Notice:  Undefined variable: first in C:\inetpub\wwwroot\php\php-beginner-cursus\objectg\monkey.php on line 164
[15-Oct-2018 12:06:43 UTC] PHP Notice:  Undefined variable: rasNaam in C:\inetpub\wwwroot\php\php-beginner-cursus\objectg\monkey.php on line 181
[15-Oct-2018 12:06:43 UTC] PHP Notice:  Undefined variable: rasNaam in C:\inetpub\wwwroot\php\php-beginner-cursus\objectg\monkey.php on line 181
[15-Oct-2018 12:06:43 UTC] PHP Notice:  Undefined variable: rasNaam in C:\inetpub\wwwroot\php\php-beginner-cursus\objectg\monkey.php on line 181
[15-Oct-2018 12:06:43 UTC] PHP Notice:  Undefined variable: rasNaam in C:\inetpub\wwwroot\php\php-beginner-cursus\objectg\monkey.php on line 181
[15-Oct-2018 12:10:07 UTC] PHP Notice:  Undefined variable: msg in C:\inetpub\wwwroot\php\php-beginner-cursus\objectg\monkey.php on line 212
[15-Oct-2018 12:34:25 UTC] PHP Notice:  Undefined variable: rassen in C:\inetpub\wwwroot\php\php-beginner-cursus\objectg\monkey.php on line 105
[15-Oct-2018 12:34:25 UTC] PHP Notice:  Trying to get property 'rassen' of non-object in C:\inetpub\wwwroot\php\php-beginner-cursus\objectg\monkey.php on line 105
[15-Oct-2018 12:34:25 UTC] PHP Warning:  Invalid argument supplied for foreach() in C:\inetpub\wwwroot\php\php-beginner-cursus\objectg\monkey.php on line 105
[15-Oct-2018 12:34:45 UTC] PHP Notice:  Undefined variable: rassen in C:\inetpub\wwwroot\php\php-beginner-cursus\objectg\monkey.php on line 111
[15-Oct-2018 12:34:45 UTC] PHP Notice:  Trying to get property 'rassen' of non-object in C:\inetpub\wwwroot\php\php-beginner-cursus\objectg\monkey.php on line 111
[15-Oct-2018 12:34:45 UTC] PHP Notice:  Undefined variable: rassen in C:\inetpub\wwwroot\php\php-beginner-cursus\objectg\monkey.php on line 112
[15-Oct-2018 12:34:45 UTC] PHP Fatal error:  Uncaught Error: Call to a member function findRasByUrl() on null in C:\inetpub\wwwroot\php\php-beginner-cursus\objectg\monkey.php:112
Stack trace:
#0 C:\inetpub\wwwroot\php\php-beginner-cursus\objectg\monkey.php(230): Rassen->findAap()
#1 {main}
  thrown in C:\inetpub\wwwroot\php\php-beginner-cursus\objectg\monkey.php on line 112
[15-Oct-2018 12:34:58 UTC] PHP Notice:  Undefined variable: rassen in C:\inetpub\wwwroot\php\php-beginner-cursus\objectg\monkey.php on line 112
[15-Oct-2018 12:34:58 UTC] PHP Fatal error:  Uncaught Error: Call to a member function findRasByUrl() on null in C:\inetpub\wwwroot\php\php-beginner-cursus\objectg\monkey.php:112
Stack trace:
#0 C:\inetpub\wwwroot\php\php-beginner-cursus\objectg\monkey.php(230): Rassen->findAap()
#1 {main}
  thrown in C:\inetpub\wwwroot\php\php-beginner-cursus\objectg\monkey.php on line 112
[16-Oct-2018 07:54:00 UTC] PHP Parse error:  syntax error, unexpected end of file in C:\inetpub\wwwroot\php\php-beginner-cursus\objectg\monkey.php on line 217
[16-Oct-2018 07:54:13 UTC] PHP Notice:  Undefined variable: rassesn in C:\inetpub\wwwroot\php\php-beginner-cursus\objectg\monkey.php on line 146
[16-Oct-2018 07:54:13 UTC] PHP Fatal error:  Uncaught Error: Call to a member function findAapByName() on null in C:\inetpub\wwwroot\php\php-beginner-cursus\objectg\monkey.php:146
Stack trace:
#0 {main}
  thrown in C:\inetpub\wwwroot\php\php-beginner-cursus\objectg\monkey.php on line 146
[16-Oct-2018 07:54:36 UTC] PHP Notice:  Undefined variable: rassen in C:\inetpub\wwwroot\php\php-beginner-cursus\objectg\monkey.php on line 22
[16-Oct-2018 07:54:36 UTC] PHP Notice:  Trying to get property 'rassen' of non-object in C:\inetpub\wwwroot\php\php-beginner-cursus\objectg\monkey.php on line 22
[16-Oct-2018 07:54:36 UTC] PHP Warning:  Invalid argument supplied for foreach() in C:\inetpub\wwwroot\php\php-beginner-cursus\objectg\monkey.php on line 22
[16-Oct-2018 07:59:54 UTC] PHP Notice:  Undefined property: Rassen::$Spinaap in C:\inetpub\wwwroot\php\php-beginner-cursus\objectg\monkey.php on line 40
[16-Oct-2018 08:00:36 UTC] PHP Notice:  Undefined property: Rassen::$msg in C:\inetpub\wwwroot\php\php-beginner-cursus\objectg\monkey.php on line 50
[16-Oct-2018 08:02:56 UTC] PHP Parse error:  syntax error, unexpected '}', expecting end of file in C:\inetpub\wwwroot\php\php-beginner-cursus\objectg\monkey.php on line 222
[16-Oct-2018 08:03:06 UTC] PHP Notice:  Undefined property: Rassen::$msg in C:\inetpub\wwwroot\php\php-beginner-cursus\objectg\monkey.php on line 52
[16-Oct-2018 08:09:31 UTC] PHP Fatal error:  Uncaught Error: Call to undefined method Rassen::getRas() in C:\inetpub\wwwroot\php\php-beginner-cursus\objectg\monkey.php:145
Stack trace:
#0 {main}
  thrown in C:\inetpub\wwwroot\php\php-beginner-cursus\objectg\monkey.php on line 145
